#
# There is insufficient memory for the Java Runtime Environment to continue.
# Native memory allocation (malloc) failed to allocate 1051776 bytes for Chunk::new
# Possible reasons:
#   The system is out of physical RAM or swap space
#   The process is running with CompressedOops enabled, and the Java Heap may be blocking the growth of the native heap
# Possible solutions:
#   Reduce memory load on the system
#   Increase physical memory or swap space
#   Check if swap backing store is full
#   Decrease Java heap size (-Xmx/-Xms)
#   Decrease number of Java threads
#   Decrease Java thread stack sizes (-Xss)
#   Set larger code cache with -XX:ReservedCodeCacheSize=
#   JVM is running with Unscaled Compressed Oops mode in which the Java heap is
#     placed in the first 4GB address space. The Java Heap base address is the
#     maximum limit for the native heap growth. Please use -XX:HeapBaseMinAddress
#     to set the Java Heap base and to place the Java Heap above 4GB virtual address.
# This output file may be truncated or incomplete.
#
#  Out of Memory Error (arena.cpp:168), pid=3180, tid=17316
#
# JRE version: Java(TM) SE Runtime Environment (21.0.4+8) (build 21.0.4+8-LTS-274)
# Java VM: Java HotSpot(TM) 64-Bit Server VM (21.0.4+8-LTS-274, mixed mode, sharing, tiered, compressed oops, compressed class ptrs, g1 gc, windows-amd64)
# No core dump will be written. Minidumps are not enabled by default on client versions of Windows
#

---------------  S U M M A R Y ------------

Command Line: -XX:MaxMetaspaceSize=1024m --add-opens=java.base/java.util=ALL-UNNAMED --add-opens=java.base/java.lang=ALL-UNNAMED --add-opens=java.base/java.lang.invoke=ALL-UNNAMED --add-opens=java.prefs/java.util.prefs=ALL-UNNAMED --add-opens=java.base/java.nio.charset=ALL-UNNAMED --add-opens=java.base/java.net=ALL-UNNAMED --add-opens=java.base/java.util.concurrent.atomic=ALL-UNNAMED -Xmx2048m -Dfile.encoding=UTF-8 -Duser.country=BR -Duser.language=pt -Duser.variant -javaagent:C:\Users\mxd46\.gradle\wrapper\dists\gradle-8.8-all\6gdy1pgp427xkqcjbxw3ylt6h\gradle-8.8\lib\agents\gradle-instrumentation-agent-8.8.jar org.gradle.launcher.daemon.bootstrap.GradleDaemon 8.8

Host: Intel(R) Core(TM) i7-2600 CPU @ 3.40GHz, 8 cores, 15G,  Windows 10 , 64 bit Build 19041 (10.0.19041.4717)
Time: Tue Sep  3 21:42:36 2024 Hora oficial do Brasil elapsed time: 4.049354 seconds (0d 0h 0m 4s)

---------------  T H R E A D  ---------------

Current thread (0x000002b3bdaac510):  JavaThread "C2 CompilerThread2" daemon [_thread_in_native, id=17316, stack(0x000000c05cd00000,0x000000c05ce00000) (1024K)]


Current CompileTask:
C2:   4049 2684   !   4       java.net.URLClassLoader::findClass (47 bytes)

Stack: [0x000000c05cd00000,0x000000c05ce00000]
Native frames: (J=compiled Java code, j=interpreted, Vv=VM code, C=native code)
V  [jvm.dll+0x6c8e59]
V  [jvm.dll+0x853181]
V  [jvm.dll+0x8556ae]
V  [jvm.dll+0x855d83]
V  [jvm.dll+0x27d526]
V  [jvm.dll+0xc4aad]
V  [jvm.dll+0xc4fe3]
V  [jvm.dll+0x2f038f]
V  [jvm.dll+0x5f406a]
V  [jvm.dll+0x24f102]
V  [jvm.dll+0x24f4bf]
V  [jvm.dll+0x2480c4]
V  [jvm.dll+0x245754]
V  [jvm.dll+0x1c69de]
V  [jvm.dll+0x254d49]
V  [jvm.dll+0x2532da]
V  [jvm.dll+0x3ed426]
V  [jvm.dll+0x7fd65b]
V  [jvm.dll+0x6c753d]
C  [ucrtbase.dll+0x21bb2]
C  [KERNEL32.DLL+0x17374]
C  [ntdll.dll+0x4cc91]


---------------  P R O C E S S  ---------------

Threads class SMR info:
_java_thread_list=0x000002b3bdfe6b60, length=26, elements={
0x000002b3e39632d0, 0x000002b38254f6f0, 0x000002b382550610, 0x000002b3825535a0,
0x000002b382556010, 0x000002b382559260, 0x000002b38255dcd0, 0x000002b382561f60,
0x000002b382564a10, 0x000002b38251c610, 0x000002b3827db670, 0x000002b3bd337540,
0x000002b3bd921300, 0x000002b3bd81bdc0, 0x000002b3bd764050, 0x000002b3bce0ed50,
0x000002b3bd770700, 0x000002b3bd64b750, 0x000002b3bd561f30, 0x000002b3bd5625c0,
0x000002b3bd562c50, 0x000002b3bd564d20, 0x000002b3bd5632e0, 0x000002b3bd563970,
0x000002b3bdb05200, 0x000002b3bdaac510
}

Java Threads: ( => current thread )
  0x000002b3e39632d0 JavaThread "main"                              [_thread_blocked, id=16652, stack(0x000000c05a700000,0x000000c05a800000) (1024K)]
  0x000002b38254f6f0 JavaThread "Reference Handler"          daemon [_thread_blocked, id=1164, stack(0x000000c05b000000,0x000000c05b100000) (1024K)]
  0x000002b382550610 JavaThread "Finalizer"                  daemon [_thread_blocked, id=16508, stack(0x000000c05b100000,0x000000c05b200000) (1024K)]
  0x000002b3825535a0 JavaThread "Signal Dispatcher"          daemon [_thread_blocked, id=6072, stack(0x000000c05b200000,0x000000c05b300000) (1024K)]
  0x000002b382556010 JavaThread "Attach Listener"            daemon [_thread_blocked, id=14312, stack(0x000000c05b300000,0x000000c05b400000) (1024K)]
  0x000002b382559260 JavaThread "Service Thread"             daemon [_thread_blocked, id=5776, stack(0x000000c05b400000,0x000000c05b500000) (1024K)]
  0x000002b38255dcd0 JavaThread "Monitor Deflation Thread"   daemon [_thread_blocked, id=9872, stack(0x000000c05b500000,0x000000c05b600000) (1024K)]
  0x000002b382561f60 JavaThread "C2 CompilerThread0"         daemon [_thread_in_native, id=11748, stack(0x000000c05b600000,0x000000c05b700000) (1024K)]
  0x000002b382564a10 JavaThread "C1 CompilerThread0"         daemon [_thread_blocked, id=1940, stack(0x000000c05b700000,0x000000c05b800000) (1024K)]
  0x000002b38251c610 JavaThread "Common-Cleaner"             daemon [_thread_blocked, id=2020, stack(0x000000c05b800000,0x000000c05b900000) (1024K)]
  0x000002b3827db670 JavaThread "Notification Thread"        daemon [_thread_blocked, id=11368, stack(0x000000c05b900000,0x000000c05ba00000) (1024K)]
  0x000002b3bd337540 JavaThread "Daemon health stats"               [_thread_blocked, id=4488, stack(0x000000c05c000000,0x000000c05c100000) (1024K)]
  0x000002b3bd921300 JavaThread "Incoming local TCP Connector on port 56164"        [_thread_in_native, id=9320, stack(0x000000c05c100000,0x000000c05c200000) (1024K)]
  0x000002b3bd81bdc0 JavaThread "Daemon periodic checks"            [_thread_blocked, id=16300, stack(0x000000c05c200000,0x000000c05c300000) (1024K)]
  0x000002b3bd764050 JavaThread "Daemon"                            [_thread_blocked, id=16016, stack(0x000000c05c300000,0x000000c05c400000) (1024K)]
  0x000002b3bce0ed50 JavaThread "Handler for socket connection from /127.0.0.1:56164 to /127.0.0.1:56165"        [_thread_in_native, id=4752, stack(0x000000c05c400000,0x000000c05c500000) (1024K)]
  0x000002b3bd770700 JavaThread "Cancel handler"                    [_thread_blocked, id=17212, stack(0x000000c05c500000,0x000000c05c600000) (1024K)]
  0x000002b3bd64b750 JavaThread "Daemon worker"                     [_thread_in_Java, id=13632, stack(0x000000c05ba00000,0x000000c05bb00000) (1024K)]
  0x000002b3bd561f30 JavaThread "Asynchronous log dispatcher for DefaultDaemonConnection: socket connection from /127.0.0.1:56164 to /127.0.0.1:56165"        [_thread_blocked, id=3732, stack(0x000000c05c600000,0x000000c05c700000) (1024K)]
  0x000002b3bd5625c0 JavaThread "Stdin handler"                     [_thread_blocked, id=2872, stack(0x000000c05c700000,0x000000c05c800000) (1024K)]
  0x000002b3bd562c50 JavaThread "Daemon client event forwarder"        [_thread_blocked, id=6004, stack(0x000000c05c800000,0x000000c05c900000) (1024K)]
  0x000002b3bd564d20 JavaThread "Cache worker for journal cache (C:\Users\mxd46\.gradle\caches\journal-1)"        [_thread_blocked, id=7292, stack(0x000000c05c900000,0x000000c05ca00000) (1024K)]
  0x000002b3bd5632e0 JavaThread "File lock request listener"        [_thread_in_native, id=15884, stack(0x000000c05ca00000,0x000000c05cb00000) (1024K)]
  0x000002b3bd563970 JavaThread "Cache worker for file hash cache (C:\Users\mxd46\.gradle\caches\8.8\fileHashes)"        [_thread_blocked, id=1792, stack(0x000000c05cb00000,0x000000c05cc00000) (1024K)]
  0x000002b3bdb05200 JavaThread "C2 CompilerThread1"         daemon [_thread_in_native, id=15596, stack(0x000000c05cc00000,0x000000c05cd00000) (1024K)]
=>0x000002b3bdaac510 JavaThread "C2 CompilerThread2"         daemon [_thread_in_native, id=17316, stack(0x000000c05cd00000,0x000000c05ce00000) (1024K)]
Total: 26

Other Threads:
  0x000002b38252e4b0 VMThread "VM Thread"                           [id=2940, stack(0x000000c05ae00000,0x000000c05af00000) (1024K)]
  0x000002b38251bb20 WatcherThread "VM Periodic Task Thread"        [id=504, stack(0x000000c05ad00000,0x000000c05ae00000) (1024K)]
  0x000002b3e5ae52d0 WorkerThread "GC Thread#0"                     [id=7536, stack(0x000000c05a800000,0x000000c05a900000) (1024K)]
  0x000002b3bc9e0730 WorkerThread "GC Thread#1"                     [id=15440, stack(0x000000c05bb00000,0x000000c05bc00000) (1024K)]
  0x000002b3bc9e0ad0 WorkerThread "GC Thread#2"                     [id=14092, stack(0x000000c05bc00000,0x000000c05bd00000) (1024K)]
  0x000002b3bc9e0e70 WorkerThread "GC Thread#3"                     [id=2476, stack(0x000000c05bd00000,0x000000c05be00000) (1024K)]
  0x000002b3bc8e6a10 WorkerThread "GC Thread#4"                     [id=1460, stack(0x000000c05be00000,0x000000c05bf00000) (1024K)]
  0x000002b3bc16e8c0 WorkerThread "GC Thread#5"                     [id=16572, stack(0x000000c05bf00000,0x000000c05c000000) (1024K)]
  0x000002b3e5af6370 ConcurrentGCThread "G1 Main Marker"            [id=17032, stack(0x000000c05a900000,0x000000c05aa00000) (1024K)]
  0x000002b3e5af7520 WorkerThread "G1 Conc#0"                       [id=9272, stack(0x000000c05aa00000,0x000000c05ab00000) (1024K)]
  0x000002b3e5b5e910 ConcurrentGCThread "G1 Refine#0"               [id=4280, stack(0x000000c05ab00000,0x000000c05ac00000) (1024K)]
  0x000002b3823eba30 ConcurrentGCThread "G1 Service"                [id=4904, stack(0x000000c05ac00000,0x000000c05ad00000) (1024K)]
Total: 12

Threads with active compile tasks:
C2 CompilerThread0     4089 2514   !   4       java.lang.ClassLoader::loadClass (121 bytes)
C2 CompilerThread1     4089 2699   !   4       java.security.AccessController::doPrivileged (26 bytes)
C2 CompilerThread2     4090 2684   !   4       java.net.URLClassLoader::findClass (47 bytes)
Total: 3

VM state: not at safepoint (normal execution)

VM Mutex/Monitor currently owned by a thread: None

Heap address: 0x0000000080000000, size: 2048 MB, Compressed Oops mode: 32-bit

CDS archive(s) mapped at: [0x000002b383000000-0x000002b383c90000-0x000002b383c90000), size 13172736, SharedBaseAddress: 0x000002b383000000, ArchiveRelocationMode: 1.
Compressed class space mapped at: 0x000002b384000000-0x000002b3b8000000, reserved size: 872415232
Narrow klass base: 0x000002b383000000, Narrow klass shift: 0, Narrow klass range: 0x100000000

GC Precious Log:
 CardTable entry size: 512
 Card Set container configuration: InlinePtr #cards 5 size 8 Array Of Cards #cards 12 size 40 Howl #buckets 4 coarsen threshold 1843 Howl Bitmap #cards 512 size 80 coarsen threshold 460 Card regions per heap region 1 cards per card region 2048
 CPUs: 8 total, 8 available
 Memory: 16366M
 Large Page Support: Disabled
 NUMA Support: Disabled
 Compressed Oops: Enabled (32-bit)
 Heap Region Size: 1M
 Heap Min Capacity: 8M
 Heap Initial Capacity: 256M
 Heap Max Capacity: 2G
 Pre-touch: Disabled
 Parallel Workers: 8
 Concurrent Workers: 2
 Concurrent Refinement Workers: 8
 Periodic GC: Disabled

Heap:
 garbage-first heap   total 262144K, used 104896K [0x0000000080000000, 0x0000000100000000)
  region size 1024K, 92 young (94208K), 2 survivors (2048K)
 Metaspace       used 17699K, committed 18240K, reserved 917504K
  class space    used 2490K, committed 2752K, reserved 851968K

Heap Regions: E=young(eden), S=young(survivor), O=old, HS=humongous(starts), HC=humongous(continues), CS=collection set, F=free, TAMS=top-at-mark-start, PB=parsable bottom
|   0|0x0000000080000000, 0x0000000080100000, 0x0000000080100000|100%|HS|  |TAMS 0x0000000080000000| PB 0x0000000080000000| Complete 
|   1|0x0000000080100000, 0x0000000080200000, 0x0000000080200000|100%|HC|  |TAMS 0x0000000080100000| PB 0x0000000080100000| Complete 
|   2|0x0000000080200000, 0x0000000080300000, 0x0000000080300000|100%|HC|  |TAMS 0x0000000080200000| PB 0x0000000080200000| Complete 
|   3|0x0000000080300000, 0x0000000080400000, 0x0000000080400000|100%|HC|  |TAMS 0x0000000080300000| PB 0x0000000080300000| Complete 
|   4|0x0000000080400000, 0x0000000080500000, 0x0000000080500000|100%| O|  |TAMS 0x0000000080400000| PB 0x0000000080400000| Untracked 
|   5|0x0000000080500000, 0x0000000080600000, 0x0000000080600000|100%| O|  |TAMS 0x0000000080500000| PB 0x0000000080500000| Untracked 
|   6|0x0000000080600000, 0x0000000080700000, 0x0000000080700000|100%| O|  |TAMS 0x0000000080600000| PB 0x0000000080600000| Untracked 
|   7|0x0000000080700000, 0x0000000080800000, 0x0000000080800000|100%| O|  |TAMS 0x0000000080700000| PB 0x0000000080700000| Untracked 
|   8|0x0000000080800000, 0x0000000080900000, 0x0000000080900000|100%| O|  |TAMS 0x0000000080800000| PB 0x0000000080800000| Untracked 
|   9|0x0000000080900000, 0x0000000080a00000, 0x0000000080a00000|100%| O|  |TAMS 0x0000000080900000| PB 0x0000000080900000| Untracked 
|  10|0x0000000080a00000, 0x0000000080a2d860, 0x0000000080b00000| 17%| O|  |TAMS 0x0000000080a00000| PB 0x0000000080a00000| Untracked 
|  11|0x0000000080b00000, 0x0000000080c00000, 0x0000000080c00000|100%|HS|  |TAMS 0x0000000080b00000| PB 0x0000000080b00000| Complete 
|  12|0x0000000080c00000, 0x0000000080d00000, 0x0000000080d00000|100%|HS|  |TAMS 0x0000000080c00000| PB 0x0000000080c00000| Complete 
|  13|0x0000000080d00000, 0x0000000080d00000, 0x0000000080e00000|  0%| F|  |TAMS 0x0000000080d00000| PB 0x0000000080d00000| Untracked 
|  14|0x0000000080e00000, 0x0000000080e00000, 0x0000000080f00000|  0%| F|  |TAMS 0x0000000080e00000| PB 0x0000000080e00000| Untracked 
|  15|0x0000000080f00000, 0x0000000080f00000, 0x0000000081000000|  0%| F|  |TAMS 0x0000000080f00000| PB 0x0000000080f00000| Untracked 
|  16|0x0000000081000000, 0x0000000081000000, 0x0000000081100000|  0%| F|  |TAMS 0x0000000081000000| PB 0x0000000081000000| Untracked 
|  17|0x0000000081100000, 0x0000000081100000, 0x0000000081200000|  0%| F|  |TAMS 0x0000000081100000| PB 0x0000000081100000| Untracked 
|  18|0x0000000081200000, 0x0000000081200000, 0x0000000081300000|  0%| F|  |TAMS 0x0000000081200000| PB 0x0000000081200000| Untracked 
|  19|0x0000000081300000, 0x0000000081300000, 0x0000000081400000|  0%| F|  |TAMS 0x0000000081300000| PB 0x0000000081300000| Untracked 
|  20|0x0000000081400000, 0x0000000081400000, 0x0000000081500000|  0%| F|  |TAMS 0x0000000081400000| PB 0x0000000081400000| Untracked 
|  21|0x0000000081500000, 0x0000000081500000, 0x0000000081600000|  0%| F|  |TAMS 0x0000000081500000| PB 0x0000000081500000| Untracked 
|  22|0x0000000081600000, 0x0000000081600000, 0x0000000081700000|  0%| F|  |TAMS 0x0000000081600000| PB 0x0000000081600000| Untracked 
|  23|0x0000000081700000, 0x0000000081700000, 0x0000000081800000|  0%| F|  |TAMS 0x0000000081700000| PB 0x0000000081700000| Untracked 
|  24|0x0000000081800000, 0x0000000081800000, 0x0000000081900000|  0%| F|  |TAMS 0x0000000081800000| PB 0x0000000081800000| Untracked 
|  25|0x0000000081900000, 0x0000000081900000, 0x0000000081a00000|  0%| F|  |TAMS 0x0000000081900000| PB 0x0000000081900000| Untracked 
|  26|0x0000000081a00000, 0x0000000081a00000, 0x0000000081b00000|  0%| F|  |TAMS 0x0000000081a00000| PB 0x0000000081a00000| Untracked 
|  27|0x0000000081b00000, 0x0000000081b00000, 0x0000000081c00000|  0%| F|  |TAMS 0x0000000081b00000| PB 0x0000000081b00000| Untracked 
|  28|0x0000000081c00000, 0x0000000081c00000, 0x0000000081d00000|  0%| F|  |TAMS 0x0000000081c00000| PB 0x0000000081c00000| Untracked 
|  29|0x0000000081d00000, 0x0000000081d00000, 0x0000000081e00000|  0%| F|  |TAMS 0x0000000081d00000| PB 0x0000000081d00000| Untracked 
|  30|0x0000000081e00000, 0x0000000081e00000, 0x0000000081f00000|  0%| F|  |TAMS 0x0000000081e00000| PB 0x0000000081e00000| Untracked 
|  31|0x0000000081f00000, 0x0000000081f00000, 0x0000000082000000|  0%| F|  |TAMS 0x0000000081f00000| PB 0x0000000081f00000| Untracked 
|  32|0x0000000082000000, 0x0000000082000000, 0x0000000082100000|  0%| F|  |TAMS 0x0000000082000000| PB 0x0000000082000000| Untracked 
|  33|0x0000000082100000, 0x0000000082100000, 0x0000000082200000|  0%| F|  |TAMS 0x0000000082100000| PB 0x0000000082100000| Untracked 
|  34|0x0000000082200000, 0x0000000082200000, 0x0000000082300000|  0%| F|  |TAMS 0x0000000082200000| PB 0x0000000082200000| Untracked 
|  35|0x0000000082300000, 0x0000000082300000, 0x0000000082400000|  0%| F|  |TAMS 0x0000000082300000| PB 0x0000000082300000| Untracked 
|  36|0x0000000082400000, 0x0000000082400000, 0x0000000082500000|  0%| F|  |TAMS 0x0000000082400000| PB 0x0000000082400000| Untracked 
|  37|0x0000000082500000, 0x0000000082500000, 0x0000000082600000|  0%| F|  |TAMS 0x0000000082500000| PB 0x0000000082500000| Untracked 
|  38|0x0000000082600000, 0x0000000082600000, 0x0000000082700000|  0%| F|  |TAMS 0x0000000082600000| PB 0x0000000082600000| Untracked 
|  39|0x0000000082700000, 0x0000000082700000, 0x0000000082800000|  0%| F|  |TAMS 0x0000000082700000| PB 0x0000000082700000| Untracked 
|  40|0x0000000082800000, 0x0000000082800000, 0x0000000082900000|  0%| F|  |TAMS 0x0000000082800000| PB 0x0000000082800000| Untracked 
|  41|0x0000000082900000, 0x0000000082900000, 0x0000000082a00000|  0%| F|  |TAMS 0x0000000082900000| PB 0x0000000082900000| Untracked 
|  42|0x0000000082a00000, 0x0000000082a00000, 0x0000000082b00000|  0%| F|  |TAMS 0x0000000082a00000| PB 0x0000000082a00000| Untracked 
|  43|0x0000000082b00000, 0x0000000082b00000, 0x0000000082c00000|  0%| F|  |TAMS 0x0000000082b00000| PB 0x0000000082b00000| Untracked 
|  44|0x0000000082c00000, 0x0000000082c00000, 0x0000000082d00000|  0%| F|  |TAMS 0x0000000082c00000| PB 0x0000000082c00000| Untracked 
|  45|0x0000000082d00000, 0x0000000082d00000, 0x0000000082e00000|  0%| F|  |TAMS 0x0000000082d00000| PB 0x0000000082d00000| Untracked 
|  46|0x0000000082e00000, 0x0000000082e00000, 0x0000000082f00000|  0%| F|  |TAMS 0x0000000082e00000| PB 0x0000000082e00000| Untracked 
|  47|0x0000000082f00000, 0x0000000082f00000, 0x0000000083000000|  0%| F|  |TAMS 0x0000000082f00000| PB 0x0000000082f00000| Untracked 
|  48|0x0000000083000000, 0x0000000083000000, 0x0000000083100000|  0%| F|  |TAMS 0x0000000083000000| PB 0x0000000083000000| Untracked 
|  49|0x0000000083100000, 0x0000000083100000, 0x0000000083200000|  0%| F|  |TAMS 0x0000000083100000| PB 0x0000000083100000| Untracked 
|  50|0x0000000083200000, 0x0000000083200000, 0x0000000083300000|  0%| F|  |TAMS 0x0000000083200000| PB 0x0000000083200000| Untracked 
|  51|0x0000000083300000, 0x0000000083300000, 0x0000000083400000|  0%| F|  |TAMS 0x0000000083300000| PB 0x0000000083300000| Untracked 
|  52|0x0000000083400000, 0x0000000083400000, 0x0000000083500000|  0%| F|  |TAMS 0x0000000083400000| PB 0x0000000083400000| Untracked 
|  53|0x0000000083500000, 0x0000000083500000, 0x0000000083600000|  0%| F|  |TAMS 0x0000000083500000| PB 0x0000000083500000| Untracked 
|  54|0x0000000083600000, 0x0000000083600000, 0x0000000083700000|  0%| F|  |TAMS 0x0000000083600000| PB 0x0000000083600000| Untracked 
|  55|0x0000000083700000, 0x0000000083700000, 0x0000000083800000|  0%| F|  |TAMS 0x0000000083700000| PB 0x0000000083700000| Untracked 
|  56|0x0000000083800000, 0x0000000083800000, 0x0000000083900000|  0%| F|  |TAMS 0x0000000083800000| PB 0x0000000083800000| Untracked 
|  57|0x0000000083900000, 0x0000000083900000, 0x0000000083a00000|  0%| F|  |TAMS 0x0000000083900000| PB 0x0000000083900000| Untracked 
|  58|0x0000000083a00000, 0x0000000083a00000, 0x0000000083b00000|  0%| F|  |TAMS 0x0000000083a00000| PB 0x0000000083a00000| Untracked 
|  59|0x0000000083b00000, 0x0000000083b00000, 0x0000000083c00000|  0%| F|  |TAMS 0x0000000083b00000| PB 0x0000000083b00000| Untracked 
|  60|0x0000000083c00000, 0x0000000083c00000, 0x0000000083d00000|  0%| F|  |TAMS 0x0000000083c00000| PB 0x0000000083c00000| Untracked 
|  61|0x0000000083d00000, 0x0000000083d00000, 0x0000000083e00000|  0%| F|  |TAMS 0x0000000083d00000| PB 0x0000000083d00000| Untracked 
|  62|0x0000000083e00000, 0x0000000083e00000, 0x0000000083f00000|  0%| F|  |TAMS 0x0000000083e00000| PB 0x0000000083e00000| Untracked 
|  63|0x0000000083f00000, 0x0000000083f00000, 0x0000000084000000|  0%| F|  |TAMS 0x0000000083f00000| PB 0x0000000083f00000| Untracked 
|  64|0x0000000084000000, 0x0000000084000000, 0x0000000084100000|  0%| F|  |TAMS 0x0000000084000000| PB 0x0000000084000000| Untracked 
|  65|0x0000000084100000, 0x0000000084100000, 0x0000000084200000|  0%| F|  |TAMS 0x0000000084100000| PB 0x0000000084100000| Untracked 
|  66|0x0000000084200000, 0x0000000084200000, 0x0000000084300000|  0%| F|  |TAMS 0x0000000084200000| PB 0x0000000084200000| Untracked 
|  67|0x0000000084300000, 0x0000000084300000, 0x0000000084400000|  0%| F|  |TAMS 0x0000000084300000| PB 0x0000000084300000| Untracked 
|  68|0x0000000084400000, 0x0000000084400000, 0x0000000084500000|  0%| F|  |TAMS 0x0000000084400000| PB 0x0000000084400000| Untracked 
|  69|0x0000000084500000, 0x0000000084500000, 0x0000000084600000|  0%| F|  |TAMS 0x0000000084500000| PB 0x0000000084500000| Untracked 
|  70|0x0000000084600000, 0x0000000084600000, 0x0000000084700000|  0%| F|  |TAMS 0x0000000084600000| PB 0x0000000084600000| Untracked 
|  71|0x0000000084700000, 0x0000000084700000, 0x0000000084800000|  0%| F|  |TAMS 0x0000000084700000| PB 0x0000000084700000| Untracked 
|  72|0x0000000084800000, 0x0000000084800000, 0x0000000084900000|  0%| F|  |TAMS 0x0000000084800000| PB 0x0000000084800000| Untracked 
|  73|0x0000000084900000, 0x0000000084900000, 0x0000000084a00000|  0%| F|  |TAMS 0x0000000084900000| PB 0x0000000084900000| Untracked 
|  74|0x0000000084a00000, 0x0000000084a00000, 0x0000000084b00000|  0%| F|  |TAMS 0x0000000084a00000| PB 0x0000000084a00000| Untracked 
|  75|0x0000000084b00000, 0x0000000084b00000, 0x0000000084c00000|  0%| F|  |TAMS 0x0000000084b00000| PB 0x0000000084b00000| Untracked 
|  76|0x0000000084c00000, 0x0000000084c00000, 0x0000000084d00000|  0%| F|  |TAMS 0x0000000084c00000| PB 0x0000000084c00000| Untracked 
|  77|0x0000000084d00000, 0x0000000084d00000, 0x0000000084e00000|  0%| F|  |TAMS 0x0000000084d00000| PB 0x0000000084d00000| Untracked 
|  78|0x0000000084e00000, 0x0000000084e00000, 0x0000000084f00000|  0%| F|  |TAMS 0x0000000084e00000| PB 0x0000000084e00000| Untracked 
|  79|0x0000000084f00000, 0x0000000084f00000, 0x0000000085000000|  0%| F|  |TAMS 0x0000000084f00000| PB 0x0000000084f00000| Untracked 
|  80|0x0000000085000000, 0x0000000085000000, 0x0000000085100000|  0%| F|  |TAMS 0x0000000085000000| PB 0x0000000085000000| Untracked 
|  81|0x0000000085100000, 0x0000000085100000, 0x0000000085200000|  0%| F|  |TAMS 0x0000000085100000| PB 0x0000000085100000| Untracked 
|  82|0x0000000085200000, 0x0000000085200000, 0x0000000085300000|  0%| F|  |TAMS 0x0000000085200000| PB 0x0000000085200000| Untracked 
|  83|0x0000000085300000, 0x0000000085300000, 0x0000000085400000|  0%| F|  |TAMS 0x0000000085300000| PB 0x0000000085300000| Untracked 
|  84|0x0000000085400000, 0x0000000085400000, 0x0000000085500000|  0%| F|  |TAMS 0x0000000085400000| PB 0x0000000085400000| Untracked 
|  85|0x0000000085500000, 0x0000000085500000, 0x0000000085600000|  0%| F|  |TAMS 0x0000000085500000| PB 0x0000000085500000| Untracked 
|  86|0x0000000085600000, 0x0000000085600000, 0x0000000085700000|  0%| F|  |TAMS 0x0000000085600000| PB 0x0000000085600000| Untracked 
|  87|0x0000000085700000, 0x0000000085700000, 0x0000000085800000|  0%| F|  |TAMS 0x0000000085700000| PB 0x0000000085700000| Untracked 
|  88|0x0000000085800000, 0x0000000085800000, 0x0000000085900000|  0%| F|  |TAMS 0x0000000085800000| PB 0x0000000085800000| Untracked 
|  89|0x0000000085900000, 0x0000000085900000, 0x0000000085a00000|  0%| F|  |TAMS 0x0000000085900000| PB 0x0000000085900000| Untracked 
|  90|0x0000000085a00000, 0x0000000085a00000, 0x0000000085b00000|  0%| F|  |TAMS 0x0000000085a00000| PB 0x0000000085a00000| Untracked 
|  91|0x0000000085b00000, 0x0000000085b00000, 0x0000000085c00000|  0%| F|  |TAMS 0x0000000085b00000| PB 0x0000000085b00000| Untracked 
|  92|0x0000000085c00000, 0x0000000085c00000, 0x0000000085d00000|  0%| F|  |TAMS 0x0000000085c00000| PB 0x0000000085c00000| Untracked 
|  93|0x0000000085d00000, 0x0000000085d00000, 0x0000000085e00000|  0%| F|  |TAMS 0x0000000085d00000| PB 0x0000000085d00000| Untracked 
|  94|0x0000000085e00000, 0x0000000085e00000, 0x0000000085f00000|  0%| F|  |TAMS 0x0000000085e00000| PB 0x0000000085e00000| Untracked 
|  95|0x0000000085f00000, 0x0000000085f00000, 0x0000000086000000|  0%| F|  |TAMS 0x0000000085f00000| PB 0x0000000085f00000| Untracked 
|  96|0x0000000086000000, 0x0000000086000000, 0x0000000086100000|  0%| F|  |TAMS 0x0000000086000000| PB 0x0000000086000000| Untracked 
|  97|0x0000000086100000, 0x0000000086100000, 0x0000000086200000|  0%| F|  |TAMS 0x0000000086100000| PB 0x0000000086100000| Untracked 
|  98|0x0000000086200000, 0x0000000086200000, 0x0000000086300000|  0%| F|  |TAMS 0x0000000086200000| PB 0x0000000086200000| Untracked 
|  99|0x0000000086300000, 0x0000000086300000, 0x0000000086400000|  0%| F|  |TAMS 0x0000000086300000| PB 0x0000000086300000| Untracked 
| 100|0x0000000086400000, 0x0000000086400000, 0x0000000086500000|  0%| F|  |TAMS 0x0000000086400000| PB 0x0000000086400000| Untracked 
| 101|0x0000000086500000, 0x0000000086500000, 0x0000000086600000|  0%| F|  |TAMS 0x0000000086500000| PB 0x0000000086500000| Untracked 
| 102|0x0000000086600000, 0x0000000086600000, 0x0000000086700000|  0%| F|  |TAMS 0x0000000086600000| PB 0x0000000086600000| Untracked 
| 103|0x0000000086700000, 0x0000000086700000, 0x0000000086800000|  0%| F|  |TAMS 0x0000000086700000| PB 0x0000000086700000| Untracked 
| 104|0x0000000086800000, 0x0000000086800000, 0x0000000086900000|  0%| F|  |TAMS 0x0000000086800000| PB 0x0000000086800000| Untracked 
| 105|0x0000000086900000, 0x0000000086900000, 0x0000000086a00000|  0%| F|  |TAMS 0x0000000086900000| PB 0x0000000086900000| Untracked 
| 106|0x0000000086a00000, 0x0000000086a00000, 0x0000000086b00000|  0%| F|  |TAMS 0x0000000086a00000| PB 0x0000000086a00000| Untracked 
| 107|0x0000000086b00000, 0x0000000086b00000, 0x0000000086c00000|  0%| F|  |TAMS 0x0000000086b00000| PB 0x0000000086b00000| Untracked 
| 108|0x0000000086c00000, 0x0000000086c00000, 0x0000000086d00000|  0%| F|  |TAMS 0x0000000086c00000| PB 0x0000000086c00000| Untracked 
| 109|0x0000000086d00000, 0x0000000086d00000, 0x0000000086e00000|  0%| F|  |TAMS 0x0000000086d00000| PB 0x0000000086d00000| Untracked 
| 110|0x0000000086e00000, 0x0000000086e00000, 0x0000000086f00000|  0%| F|  |TAMS 0x0000000086e00000| PB 0x0000000086e00000| Untracked 
| 111|0x0000000086f00000, 0x0000000086f00000, 0x0000000087000000|  0%| F|  |TAMS 0x0000000086f00000| PB 0x0000000086f00000| Untracked 
| 112|0x0000000087000000, 0x0000000087000000, 0x0000000087100000|  0%| F|  |TAMS 0x0000000087000000| PB 0x0000000087000000| Untracked 
| 113|0x0000000087100000, 0x0000000087100000, 0x0000000087200000|  0%| F|  |TAMS 0x0000000087100000| PB 0x0000000087100000| Untracked 
| 114|0x0000000087200000, 0x0000000087200000, 0x0000000087300000|  0%| F|  |TAMS 0x0000000087200000| PB 0x0000000087200000| Untracked 
| 115|0x0000000087300000, 0x0000000087300000, 0x0000000087400000|  0%| F|  |TAMS 0x0000000087300000| PB 0x0000000087300000| Untracked 
| 116|0x0000000087400000, 0x0000000087400000, 0x0000000087500000|  0%| F|  |TAMS 0x0000000087400000| PB 0x0000000087400000| Untracked 
| 117|0x0000000087500000, 0x0000000087500000, 0x0000000087600000|  0%| F|  |TAMS 0x0000000087500000| PB 0x0000000087500000| Untracked 
| 118|0x0000000087600000, 0x0000000087600000, 0x0000000087700000|  0%| F|  |TAMS 0x0000000087600000| PB 0x0000000087600000| Untracked 
| 119|0x0000000087700000, 0x0000000087700000, 0x0000000087800000|  0%| F|  |TAMS 0x0000000087700000| PB 0x0000000087700000| Untracked 
| 120|0x0000000087800000, 0x0000000087800000, 0x0000000087900000|  0%| F|  |TAMS 0x0000000087800000| PB 0x0000000087800000| Untracked 
| 121|0x0000000087900000, 0x0000000087900000, 0x0000000087a00000|  0%| F|  |TAMS 0x0000000087900000| PB 0x0000000087900000| Untracked 
| 122|0x0000000087a00000, 0x0000000087a00000, 0x0000000087b00000|  0%| F|  |TAMS 0x0000000087a00000| PB 0x0000000087a00000| Untracked 
| 123|0x0000000087b00000, 0x0000000087b00000, 0x0000000087c00000|  0%| F|  |TAMS 0x0000000087b00000| PB 0x0000000087b00000| Untracked 
| 124|0x0000000087c00000, 0x0000000087c00000, 0x0000000087d00000|  0%| F|  |TAMS 0x0000000087c00000| PB 0x0000000087c00000| Untracked 
| 125|0x0000000087d00000, 0x0000000087d00000, 0x0000000087e00000|  0%| F|  |TAMS 0x0000000087d00000| PB 0x0000000087d00000| Untracked 
| 126|0x0000000087e00000, 0x0000000087e00000, 0x0000000087f00000|  0%| F|  |TAMS 0x0000000087e00000| PB 0x0000000087e00000| Untracked 
| 127|0x0000000087f00000, 0x0000000087f00000, 0x0000000088000000|  0%| F|  |TAMS 0x0000000087f00000| PB 0x0000000087f00000| Untracked 
| 128|0x0000000088000000, 0x0000000088000000, 0x0000000088100000|  0%| F|  |TAMS 0x0000000088000000| PB 0x0000000088000000| Untracked 
| 129|0x0000000088100000, 0x0000000088100000, 0x0000000088200000|  0%| F|  |TAMS 0x0000000088100000| PB 0x0000000088100000| Untracked 
| 130|0x0000000088200000, 0x0000000088200000, 0x0000000088300000|  0%| F|  |TAMS 0x0000000088200000| PB 0x0000000088200000| Untracked 
| 131|0x0000000088300000, 0x0000000088300000, 0x0000000088400000|  0%| F|  |TAMS 0x0000000088300000| PB 0x0000000088300000| Untracked 
| 132|0x0000000088400000, 0x0000000088400000, 0x0000000088500000|  0%| F|  |TAMS 0x0000000088400000| PB 0x0000000088400000| Untracked 
| 133|0x0000000088500000, 0x0000000088500000, 0x0000000088600000|  0%| F|  |TAMS 0x0000000088500000| PB 0x0000000088500000| Untracked 
| 134|0x0000000088600000, 0x0000000088600000, 0x0000000088700000|  0%| F|  |TAMS 0x0000000088600000| PB 0x0000000088600000| Untracked 
| 135|0x0000000088700000, 0x0000000088700000, 0x0000000088800000|  0%| F|  |TAMS 0x0000000088700000| PB 0x0000000088700000| Untracked 
| 136|0x0000000088800000, 0x0000000088800000, 0x0000000088900000|  0%| F|  |TAMS 0x0000000088800000| PB 0x0000000088800000| Untracked 
| 137|0x0000000088900000, 0x0000000088900000, 0x0000000088a00000|  0%| F|  |TAMS 0x0000000088900000| PB 0x0000000088900000| Untracked 
| 138|0x0000000088a00000, 0x0000000088a00000, 0x0000000088b00000|  0%| F|  |TAMS 0x0000000088a00000| PB 0x0000000088a00000| Untracked 
| 139|0x0000000088b00000, 0x0000000088b00000, 0x0000000088c00000|  0%| F|  |TAMS 0x0000000088b00000| PB 0x0000000088b00000| Untracked 
| 140|0x0000000088c00000, 0x0000000088c00000, 0x0000000088d00000|  0%| F|  |TAMS 0x0000000088c00000| PB 0x0000000088c00000| Untracked 
| 141|0x0000000088d00000, 0x0000000088d00000, 0x0000000088e00000|  0%| F|  |TAMS 0x0000000088d00000| PB 0x0000000088d00000| Untracked 
| 142|0x0000000088e00000, 0x0000000088e00000, 0x0000000088f00000|  0%| F|  |TAMS 0x0000000088e00000| PB 0x0000000088e00000| Untracked 
| 143|0x0000000088f00000, 0x0000000088f00000, 0x0000000089000000|  0%| F|  |TAMS 0x0000000088f00000| PB 0x0000000088f00000| Untracked 
| 144|0x0000000089000000, 0x0000000089000000, 0x0000000089100000|  0%| F|  |TAMS 0x0000000089000000| PB 0x0000000089000000| Untracked 
| 145|0x0000000089100000, 0x0000000089100000, 0x0000000089200000|  0%| F|  |TAMS 0x0000000089100000| PB 0x0000000089100000| Untracked 
| 146|0x0000000089200000, 0x0000000089200000, 0x0000000089300000|  0%| F|  |TAMS 0x0000000089200000| PB 0x0000000089200000| Untracked 
| 147|0x0000000089300000, 0x0000000089300000, 0x0000000089400000|  0%| F|  |TAMS 0x0000000089300000| PB 0x0000000089300000| Untracked 
| 148|0x0000000089400000, 0x0000000089400000, 0x0000000089500000|  0%| F|  |TAMS 0x0000000089400000| PB 0x0000000089400000| Untracked 
| 149|0x0000000089500000, 0x0000000089500000, 0x0000000089600000|  0%| F|  |TAMS 0x0000000089500000| PB 0x0000000089500000| Untracked 
| 150|0x0000000089600000, 0x0000000089600000, 0x0000000089700000|  0%| F|  |TAMS 0x0000000089600000| PB 0x0000000089600000| Untracked 
| 151|0x0000000089700000, 0x0000000089700000, 0x0000000089800000|  0%| F|  |TAMS 0x0000000089700000| PB 0x0000000089700000| Untracked 
| 152|0x0000000089800000, 0x0000000089800000, 0x0000000089900000|  0%| F|  |TAMS 0x0000000089800000| PB 0x0000000089800000| Untracked 
| 153|0x0000000089900000, 0x0000000089900000, 0x0000000089a00000|  0%| F|  |TAMS 0x0000000089900000| PB 0x0000000089900000| Untracked 
| 154|0x0000000089a00000, 0x0000000089a00000, 0x0000000089b00000|  0%| F|  |TAMS 0x0000000089a00000| PB 0x0000000089a00000| Untracked 
| 155|0x0000000089b00000, 0x0000000089b00000, 0x0000000089c00000|  0%| F|  |TAMS 0x0000000089b00000| PB 0x0000000089b00000| Untracked 
| 156|0x0000000089c00000, 0x0000000089c00000, 0x0000000089d00000|  0%| F|  |TAMS 0x0000000089c00000| PB 0x0000000089c00000| Untracked 
| 157|0x0000000089d00000, 0x0000000089d00000, 0x0000000089e00000|  0%| F|  |TAMS 0x0000000089d00000| PB 0x0000000089d00000| Untracked 
| 158|0x0000000089e00000, 0x0000000089e00000, 0x0000000089f00000|  0%| F|  |TAMS 0x0000000089e00000| PB 0x0000000089e00000| Untracked 
| 159|0x0000000089f00000, 0x0000000089f00000, 0x000000008a000000|  0%| F|  |TAMS 0x0000000089f00000| PB 0x0000000089f00000| Untracked 
| 160|0x000000008a000000, 0x000000008a000000, 0x000000008a100000|  0%| F|  |TAMS 0x000000008a000000| PB 0x000000008a000000| Untracked 
| 161|0x000000008a100000, 0x000000008a100000, 0x000000008a200000|  0%| F|  |TAMS 0x000000008a100000| PB 0x000000008a100000| Untracked 
| 162|0x000000008a200000, 0x000000008a200000, 0x000000008a300000|  0%| F|  |TAMS 0x000000008a200000| PB 0x000000008a200000| Untracked 
| 163|0x000000008a300000, 0x000000008a300000, 0x000000008a400000|  0%| F|  |TAMS 0x000000008a300000| PB 0x000000008a300000| Untracked 
| 164|0x000000008a400000, 0x000000008a480800, 0x000000008a500000| 50%| E|  |TAMS 0x000000008a400000| PB 0x000000008a400000| Complete 
| 165|0x000000008a500000, 0x000000008a600000, 0x000000008a600000|100%| E|CS|TAMS 0x000000008a500000| PB 0x000000008a500000| Complete 
| 166|0x000000008a600000, 0x000000008a700000, 0x000000008a700000|100%| E|CS|TAMS 0x000000008a600000| PB 0x000000008a600000| Complete 
| 167|0x000000008a700000, 0x000000008a800000, 0x000000008a800000|100%| E|CS|TAMS 0x000000008a700000| PB 0x000000008a700000| Complete 
| 168|0x000000008a800000, 0x000000008a900000, 0x000000008a900000|100%| E|CS|TAMS 0x000000008a800000| PB 0x000000008a800000| Complete 
| 169|0x000000008a900000, 0x000000008aa00000, 0x000000008aa00000|100%| E|CS|TAMS 0x000000008a900000| PB 0x000000008a900000| Complete 
| 170|0x000000008aa00000, 0x000000008ab00000, 0x000000008ab00000|100%| E|CS|TAMS 0x000000008aa00000| PB 0x000000008aa00000| Complete 
| 171|0x000000008ab00000, 0x000000008ac00000, 0x000000008ac00000|100%| E|CS|TAMS 0x000000008ab00000| PB 0x000000008ab00000| Complete 
| 172|0x000000008ac00000, 0x000000008ad00000, 0x000000008ad00000|100%| E|CS|TAMS 0x000000008ac00000| PB 0x000000008ac00000| Complete 
| 173|0x000000008ad00000, 0x000000008ae00000, 0x000000008ae00000|100%| E|CS|TAMS 0x000000008ad00000| PB 0x000000008ad00000| Complete 
| 174|0x000000008ae00000, 0x000000008af00000, 0x000000008af00000|100%| E|CS|TAMS 0x000000008ae00000| PB 0x000000008ae00000| Complete 
| 175|0x000000008af00000, 0x000000008b000000, 0x000000008b000000|100%| E|CS|TAMS 0x000000008af00000| PB 0x000000008af00000| Complete 
| 176|0x000000008b000000, 0x000000008b100000, 0x000000008b100000|100%| E|CS|TAMS 0x000000008b000000| PB 0x000000008b000000| Complete 
| 177|0x000000008b100000, 0x000000008b200000, 0x000000008b200000|100%| E|CS|TAMS 0x000000008b100000| PB 0x000000008b100000| Complete 
| 178|0x000000008b200000, 0x000000008b300000, 0x000000008b300000|100%| E|CS|TAMS 0x000000008b200000| PB 0x000000008b200000| Complete 
| 179|0x000000008b300000, 0x000000008b400000, 0x000000008b400000|100%| E|CS|TAMS 0x000000008b300000| PB 0x000000008b300000| Complete 
| 180|0x000000008b400000, 0x000000008b500000, 0x000000008b500000|100%| E|CS|TAMS 0x000000008b400000| PB 0x000000008b400000| Complete 
| 181|0x000000008b500000, 0x000000008b600000, 0x000000008b600000|100%| E|CS|TAMS 0x000000008b500000| PB 0x000000008b500000| Complete 
| 182|0x000000008b600000, 0x000000008b700000, 0x000000008b700000|100%| E|CS|TAMS 0x000000008b600000| PB 0x000000008b600000| Complete 
| 183|0x000000008b700000, 0x000000008b800000, 0x000000008b800000|100%| E|CS|TAMS 0x000000008b700000| PB 0x000000008b700000| Complete 
| 184|0x000000008b800000, 0x000000008b900000, 0x000000008b900000|100%| E|CS|TAMS 0x000000008b800000| PB 0x000000008b800000| Complete 
| 185|0x000000008b900000, 0x000000008ba00000, 0x000000008ba00000|100%| E|CS|TAMS 0x000000008b900000| PB 0x000000008b900000| Complete 
| 186|0x000000008ba00000, 0x000000008bb00000, 0x000000008bb00000|100%| E|CS|TAMS 0x000000008ba00000| PB 0x000000008ba00000| Complete 
| 187|0x000000008bb00000, 0x000000008bc00000, 0x000000008bc00000|100%| E|CS|TAMS 0x000000008bb00000| PB 0x000000008bb00000| Complete 
| 188|0x000000008bc00000, 0x000000008bd00000, 0x000000008bd00000|100%| E|CS|TAMS 0x000000008bc00000| PB 0x000000008bc00000| Complete 
| 189|0x000000008bd00000, 0x000000008be00000, 0x000000008be00000|100%| E|CS|TAMS 0x000000008bd00000| PB 0x000000008bd00000| Complete 
| 190|0x000000008be00000, 0x000000008bf00000, 0x000000008bf00000|100%| E|CS|TAMS 0x000000008be00000| PB 0x000000008be00000| Complete 
| 191|0x000000008bf00000, 0x000000008c000000, 0x000000008c000000|100%| E|CS|TAMS 0x000000008bf00000| PB 0x000000008bf00000| Complete 
| 192|0x000000008c000000, 0x000000008c100000, 0x000000008c100000|100%| E|CS|TAMS 0x000000008c000000| PB 0x000000008c000000| Complete 
| 193|0x000000008c100000, 0x000000008c200000, 0x000000008c200000|100%| E|CS|TAMS 0x000000008c100000| PB 0x000000008c100000| Complete 
| 194|0x000000008c200000, 0x000000008c300000, 0x000000008c300000|100%| E|CS|TAMS 0x000000008c200000| PB 0x000000008c200000| Complete 
| 195|0x000000008c300000, 0x000000008c400000, 0x000000008c400000|100%| E|CS|TAMS 0x000000008c300000| PB 0x000000008c300000| Complete 
| 196|0x000000008c400000, 0x000000008c500000, 0x000000008c500000|100%| E|CS|TAMS 0x000000008c400000| PB 0x000000008c400000| Complete 
| 197|0x000000008c500000, 0x000000008c600000, 0x000000008c600000|100%| E|CS|TAMS 0x000000008c500000| PB 0x000000008c500000| Complete 
| 198|0x000000008c600000, 0x000000008c700000, 0x000000008c700000|100%| E|CS|TAMS 0x000000008c600000| PB 0x000000008c600000| Complete 
| 199|0x000000008c700000, 0x000000008c800000, 0x000000008c800000|100%| E|CS|TAMS 0x000000008c700000| PB 0x000000008c700000| Complete 
| 200|0x000000008c800000, 0x000000008c900000, 0x000000008c900000|100%| E|CS|TAMS 0x000000008c800000| PB 0x000000008c800000| Complete 
| 201|0x000000008c900000, 0x000000008ca00000, 0x000000008ca00000|100%| E|CS|TAMS 0x000000008c900000| PB 0x000000008c900000| Complete 
| 202|0x000000008ca00000, 0x000000008cb00000, 0x000000008cb00000|100%| E|CS|TAMS 0x000000008ca00000| PB 0x000000008ca00000| Complete 
| 203|0x000000008cb00000, 0x000000008cc00000, 0x000000008cc00000|100%| E|CS|TAMS 0x000000008cb00000| PB 0x000000008cb00000| Complete 
| 204|0x000000008cc00000, 0x000000008cd00000, 0x000000008cd00000|100%| E|CS|TAMS 0x000000008cc00000| PB 0x000000008cc00000| Complete 
| 205|0x000000008cd00000, 0x000000008ce00000, 0x000000008ce00000|100%| E|CS|TAMS 0x000000008cd00000| PB 0x000000008cd00000| Complete 
| 206|0x000000008ce00000, 0x000000008cf00000, 0x000000008cf00000|100%| E|CS|TAMS 0x000000008ce00000| PB 0x000000008ce00000| Complete 
| 207|0x000000008cf00000, 0x000000008d000000, 0x000000008d000000|100%| E|CS|TAMS 0x000000008cf00000| PB 0x000000008cf00000| Complete 
| 208|0x000000008d000000, 0x000000008d100000, 0x000000008d100000|100%| E|CS|TAMS 0x000000008d000000| PB 0x000000008d000000| Complete 
| 209|0x000000008d100000, 0x000000008d200000, 0x000000008d200000|100%| E|CS|TAMS 0x000000008d100000| PB 0x000000008d100000| Complete 
| 210|0x000000008d200000, 0x000000008d300000, 0x000000008d300000|100%| E|CS|TAMS 0x000000008d200000| PB 0x000000008d200000| Complete 
| 211|0x000000008d300000, 0x000000008d400000, 0x000000008d400000|100%| E|CS|TAMS 0x000000008d300000| PB 0x000000008d300000| Complete 
| 212|0x000000008d400000, 0x000000008d500000, 0x000000008d500000|100%| E|CS|TAMS 0x000000008d400000| PB 0x000000008d400000| Complete 
| 213|0x000000008d500000, 0x000000008d600000, 0x000000008d600000|100%| E|CS|TAMS 0x000000008d500000| PB 0x000000008d500000| Complete 
| 214|0x000000008d600000, 0x000000008d700000, 0x000000008d700000|100%| E|CS|TAMS 0x000000008d600000| PB 0x000000008d600000| Complete 
| 215|0x000000008d700000, 0x000000008d800000, 0x000000008d800000|100%| E|CS|TAMS 0x000000008d700000| PB 0x000000008d700000| Complete 
| 216|0x000000008d800000, 0x000000008d900000, 0x000000008d900000|100%| E|CS|TAMS 0x000000008d800000| PB 0x000000008d800000| Complete 
| 217|0x000000008d900000, 0x000000008da00000, 0x000000008da00000|100%| E|CS|TAMS 0x000000008d900000| PB 0x000000008d900000| Complete 
| 218|0x000000008da00000, 0x000000008db00000, 0x000000008db00000|100%| E|CS|TAMS 0x000000008da00000| PB 0x000000008da00000| Complete 
| 219|0x000000008db00000, 0x000000008dc00000, 0x000000008dc00000|100%| E|CS|TAMS 0x000000008db00000| PB 0x000000008db00000| Complete 
| 220|0x000000008dc00000, 0x000000008dd00000, 0x000000008dd00000|100%| E|CS|TAMS 0x000000008dc00000| PB 0x000000008dc00000| Complete 
| 221|0x000000008dd00000, 0x000000008de00000, 0x000000008de00000|100%| E|CS|TAMS 0x000000008dd00000| PB 0x000000008dd00000| Complete 
| 222|0x000000008de00000, 0x000000008de427c0, 0x000000008df00000| 25%| S|CS|TAMS 0x000000008de00000| PB 0x000000008de00000| Complete 
| 223|0x000000008df00000, 0x000000008e000000, 0x000000008e000000|100%| S|CS|TAMS 0x000000008df00000| PB 0x000000008df00000| Complete 
| 224|0x000000008e000000, 0x000000008e100000, 0x000000008e100000|100%| E|CS|TAMS 0x000000008e000000| PB 0x000000008e000000| Complete 
| 225|0x000000008e100000, 0x000000008e200000, 0x000000008e200000|100%| E|CS|TAMS 0x000000008e100000| PB 0x000000008e100000| Complete 
| 226|0x000000008e200000, 0x000000008e300000, 0x000000008e300000|100%| E|CS|TAMS 0x000000008e200000| PB 0x000000008e200000| Complete 
| 227|0x000000008e300000, 0x000000008e400000, 0x000000008e400000|100%| E|CS|TAMS 0x000000008e300000| PB 0x000000008e300000| Complete 
| 228|0x000000008e400000, 0x000000008e500000, 0x000000008e500000|100%| E|CS|TAMS 0x000000008e400000| PB 0x000000008e400000| Complete 
| 229|0x000000008e500000, 0x000000008e600000, 0x000000008e600000|100%| E|CS|TAMS 0x000000008e500000| PB 0x000000008e500000| Complete 
| 230|0x000000008e600000, 0x000000008e700000, 0x000000008e700000|100%| E|CS|TAMS 0x000000008e600000| PB 0x000000008e600000| Complete 
| 231|0x000000008e700000, 0x000000008e800000, 0x000000008e800000|100%| E|CS|TAMS 0x000000008e700000| PB 0x000000008e700000| Complete 
| 232|0x000000008e800000, 0x000000008e900000, 0x000000008e900000|100%| E|CS|TAMS 0x000000008e800000| PB 0x000000008e800000| Complete 
| 233|0x000000008e900000, 0x000000008ea00000, 0x000000008ea00000|100%| E|CS|TAMS 0x000000008e900000| PB 0x000000008e900000| Complete 
| 234|0x000000008ea00000, 0x000000008eb00000, 0x000000008eb00000|100%| E|CS|TAMS 0x000000008ea00000| PB 0x000000008ea00000| Complete 
| 235|0x000000008eb00000, 0x000000008ec00000, 0x000000008ec00000|100%| E|CS|TAMS 0x000000008eb00000| PB 0x000000008eb00000| Complete 
| 236|0x000000008ec00000, 0x000000008ed00000, 0x000000008ed00000|100%| E|CS|TAMS 0x000000008ec00000| PB 0x000000008ec00000| Complete 
| 237|0x000000008ed00000, 0x000000008ee00000, 0x000000008ee00000|100%| E|CS|TAMS 0x000000008ed00000| PB 0x000000008ed00000| Complete 
| 238|0x000000008ee00000, 0x000000008ef00000, 0x000000008ef00000|100%| E|CS|TAMS 0x000000008ee00000| PB 0x000000008ee00000| Complete 
| 239|0x000000008ef00000, 0x000000008f000000, 0x000000008f000000|100%| E|CS|TAMS 0x000000008ef00000| PB 0x000000008ef00000| Complete 
| 240|0x000000008f000000, 0x000000008f100000, 0x000000008f100000|100%| E|CS|TAMS 0x000000008f000000| PB 0x000000008f000000| Complete 
| 241|0x000000008f100000, 0x000000008f200000, 0x000000008f200000|100%| E|CS|TAMS 0x000000008f100000| PB 0x000000008f100000| Complete 
| 242|0x000000008f200000, 0x000000008f300000, 0x000000008f300000|100%| E|CS|TAMS 0x000000008f200000| PB 0x000000008f200000| Complete 
| 243|0x000000008f300000, 0x000000008f400000, 0x000000008f400000|100%| E|CS|TAMS 0x000000008f300000| PB 0x000000008f300000| Complete 
| 244|0x000000008f400000, 0x000000008f500000, 0x000000008f500000|100%| E|CS|TAMS 0x000000008f400000| PB 0x000000008f400000| Complete 
| 245|0x000000008f500000, 0x000000008f600000, 0x000000008f600000|100%| E|CS|TAMS 0x000000008f500000| PB 0x000000008f500000| Complete 
| 246|0x000000008f600000, 0x000000008f700000, 0x000000008f700000|100%| E|CS|TAMS 0x000000008f600000| PB 0x000000008f600000| Complete 
| 247|0x000000008f700000, 0x000000008f800000, 0x000000008f800000|100%| E|CS|TAMS 0x000000008f700000| PB 0x000000008f700000| Complete 
| 248|0x000000008f800000, 0x000000008f900000, 0x000000008f900000|100%| E|CS|TAMS 0x000000008f800000| PB 0x000000008f800000| Complete 
| 249|0x000000008f900000, 0x000000008fa00000, 0x000000008fa00000|100%| E|CS|TAMS 0x000000008f900000| PB 0x000000008f900000| Complete 
| 250|0x000000008fa00000, 0x000000008fb00000, 0x000000008fb00000|100%| E|CS|TAMS 0x000000008fa00000| PB 0x000000008fa00000| Complete 
| 251|0x000000008fb00000, 0x000000008fc00000, 0x000000008fc00000|100%| E|CS|TAMS 0x000000008fb00000| PB 0x000000008fb00000| Complete 
| 252|0x000000008fc00000, 0x000000008fd00000, 0x000000008fd00000|100%| E|CS|TAMS 0x000000008fc00000| PB 0x000000008fc00000| Complete 
| 253|0x000000008fd00000, 0x000000008fe00000, 0x000000008fe00000|100%| E|CS|TAMS 0x000000008fd00000| PB 0x000000008fd00000| Complete 
| 254|0x000000008fe00000, 0x000000008ff00000, 0x000000008ff00000|100%| E|CS|TAMS 0x000000008fe00000| PB 0x000000008fe00000| Complete 
| 255|0x000000008ff00000, 0x0000000090000000, 0x0000000090000000|100%| E|CS|TAMS 0x000000008ff00000| PB 0x000000008ff00000| Complete 

Card table byte_map: [0x000002b3fd640000,0x000002b3fda40000] _byte_map_base: 0x000002b3fd240000

Marking Bits: (CMBitMap*) 0x000002b3e5ae58e0
 Bits: [0x000002b3fda40000, 0x000002b3ffa40000)

Polling page: 0x000002b3e3a30000

Metaspace:

Usage:
  Non-class:     14.91 MB used.
      Class:      2.45 MB used.
       Both:     17.35 MB used.

Virtual space:
  Non-class space:       64.00 MB reserved,      15.19 MB ( 24%) committed,  1 nodes.
      Class space:      832.00 MB reserved,       2.69 MB ( <1%) committed,  1 nodes.
             Both:      896.00 MB reserved,      17.88 MB (  2%) committed. 

Chunk freelists:
   Non-Class:  15.90 MB
       Class:  13.32 MB
        Both:  29.23 MB

MaxMetaspaceSize: 1.00 GB
CompressedClassSpaceSize: 832.00 MB
Initial GC threshold: 21.00 MB
Current GC threshold: 21.00 MB
CDS: on
 - commit_granule_bytes: 65536.
 - commit_granule_words: 8192.
 - virtual_space_node_default_size: 8388608.
 - enlarge_chunks_in_place: 1.
 - use_allocation_guard: 0.


Internal statistics:

num_allocs_failed_limit: 0.
num_arena_births: 762.
num_arena_deaths: 0.
num_vsnodes_births: 2.
num_vsnodes_deaths: 0.
num_space_committed: 286.
num_space_uncommitted: 0.
num_chunks_returned_to_freelist: 0.
num_chunks_taken_from_freelist: 1448.
num_chunk_merges: 0.
num_chunk_splits: 922.
num_chunks_enlarged: 586.
num_inconsistent_stats: 0.

CodeHeap 'non-profiled nmethods': size=120000Kb used=1253Kb max_used=1253Kb free=118746Kb
 bounds [0x000002b3f59e0000, 0x000002b3f5c50000, 0x000002b3fcf10000]
CodeHeap 'profiled nmethods': size=120000Kb used=5448Kb max_used=5448Kb free=114552Kb
 bounds [0x000002b3edf10000, 0x000002b3ee470000, 0x000002b3f5440000]
CodeHeap 'non-nmethods': size=5760Kb used=1495Kb max_used=1515Kb free=4264Kb
 bounds [0x000002b3f5440000, 0x000002b3f56b0000, 0x000002b3f59e0000]
 total_blobs=3312 nmethods=2741 adapters=475
 compilation: enabled
              stopped_count=0, restarted_count=0
 full_count=0

Compilation events (20 events):
Event: 3.988 Thread 0x000002b382564a10 2720       3       org.gradle.internal.service.DefaultServiceRegistry$ManagedObjectServiceProvider::fromSameRegistry (27 bytes)
Event: 3.988 Thread 0x000002b382564a10 nmethod 2720 0x000002b3ee456810 code [0x000002b3ee4569c0, 0x000002b3ee456d50]
Event: 3.990 Thread 0x000002b382564a10 2721       3       java.lang.reflect.Constructor::getParameterCount (6 bytes)
Event: 3.990 Thread 0x000002b382564a10 nmethod 2721 0x000002b3ee456e10 code [0x000002b3ee456fa0, 0x000002b3ee4570b8]
Event: 3.990 Thread 0x000002b382564a10 2722       3       java.lang.reflect.Constructor::setConstructorAccessor (20 bytes)
Event: 3.991 Thread 0x000002b382564a10 nmethod 2722 0x000002b3ee457190 code [0x000002b3ee457340, 0x000002b3ee457610]
Event: 4.001 Thread 0x000002b382564a10 2725       3       java.lang.invoke.LambdaFormBuffer::insertParameter (30 bytes)
Event: 4.001 Thread 0x000002b382564a10 nmethod 2725 0x000002b3ee457710 code [0x000002b3ee4578c0, 0x000002b3ee457a18]
Event: 4.002 Thread 0x000002b382564a10 2727       3       java.lang.invoke.Invokers::cachedInvoker (7 bytes)
Event: 4.002 Thread 0x000002b382564a10 nmethod 2727 0x000002b3ee457b10 code [0x000002b3ee457ca0, 0x000002b3ee457dd8]
Event: 4.004 Thread 0x000002b382564a10 2728       3       java.lang.invoke.LambdaForm$NamedFunction::<init> (95 bytes)
Event: 4.005 Thread 0x000002b382564a10 nmethod 2728 0x000002b3ee457e90 code [0x000002b3ee4580a0, 0x000002b3ee4585b8]
Event: 4.005 Thread 0x000002b382564a10 2729       3       java.lang.invoke.Invokers::basicInvoker (103 bytes)
Event: 4.006 Thread 0x000002b382564a10 nmethod 2729 0x000002b3ee458790 code [0x000002b3ee458a40, 0x000002b3ee459418]
Event: 4.006 Thread 0x000002b382564a10 2730       3       java.lang.invoke.LambdaFormEditor::newSpeciesData (9 bytes)
Event: 4.007 Thread 0x000002b382564a10 nmethod 2730 0x000002b3ee459890 code [0x000002b3ee459a40, 0x000002b3ee459c28]
Event: 4.014 Thread 0x000002b382564a10 2732       3       java.lang.invoke.TypeConvertingMethodAdapter::cast (42 bytes)
Event: 4.015 Thread 0x000002b382564a10 nmethod 2732 0x000002b3ee459d10 code [0x000002b3ee459f00, 0x000002b3ee45a360]
Event: 4.018 Thread 0x000002b382564a10 2733       3       java.lang.ref.WeakReference::<init> (6 bytes)
Event: 4.018 Thread 0x000002b382564a10 nmethod 2733 0x000002b3ee45a510 code [0x000002b3ee45a6c0, 0x000002b3ee45a9c8]

GC Heap History (4 events):
Event: 0.906 GC heap before
{Heap before GC invocations=0 (full 0):
 garbage-first heap   total 262144K, used 26624K [0x0000000080000000, 0x0000000100000000)
  region size 1024K, 23 young (23552K), 0 survivors (0K)
 Metaspace       used 2066K, committed 2240K, reserved 917504K
  class space    used 221K, committed 320K, reserved 851968K
}
Event: 0.911 GC heap after
{Heap after GC invocations=1 (full 0):
 garbage-first heap   total 262144K, used 10591K [0x0000000080000000, 0x0000000100000000)
  region size 1024K, 3 young (3072K), 3 survivors (3072K)
 Metaspace       used 2066K, committed 2240K, reserved 917504K
  class space    used 221K, committed 320K, reserved 851968K
}
Event: 1.744 GC heap before
{Heap before GC invocations=1 (full 0):
 garbage-first heap   total 262144K, used 40287K [0x0000000080000000, 0x0000000100000000)
  region size 1024K, 32 young (32768K), 3 survivors (3072K)
 Metaspace       used 4168K, committed 4416K, reserved 917504K
  class space    used 516K, committed 640K, reserved 851968K
}
Event: 1.747 GC heap after
{Heap after GC invocations=2 (full 0):
 garbage-first heap   total 262144K, used 11712K [0x0000000080000000, 0x0000000100000000)
  region size 1024K, 2 young (2048K), 2 survivors (2048K)
 Metaspace       used 4168K, committed 4416K, reserved 917504K
  class space    used 516K, committed 640K, reserved 851968K
}

Dll operation events (15 events):
Event: 0.012 Loaded shared library C:\Program Files\Java\jdk-21\bin\java.dll
Event: 0.052 Loaded shared library C:\Program Files\Java\jdk-21\bin\jsvml.dll
Event: 0.119 Loaded shared library C:\Program Files\Java\jdk-21\bin\zip.dll
Event: 0.124 Loaded shared library C:\Program Files\Java\jdk-21\bin\instrument.dll
Event: 0.129 Loaded shared library C:\Program Files\Java\jdk-21\bin\net.dll
Event: 0.131 Loaded shared library C:\Program Files\Java\jdk-21\bin\nio.dll
Event: 0.138 Loaded shared library C:\Program Files\Java\jdk-21\bin\zip.dll
Event: 0.588 Loaded shared library C:\Program Files\Java\jdk-21\bin\jimage.dll
Event: 0.736 Loaded shared library C:\Program Files\Java\jdk-21\bin\verify.dll
Event: 0.951 Loaded shared library C:\Users\mxd46\.gradle\native\c067742578af261105cb4f569cf0c3c89f3d7b1fecec35dd04571415982c5e48\windows-amd64\native-platform.dll
Event: 0.958 Loaded shared library C:\Users\mxd46\.gradle\native\100fb08df4bc3b14c8652ba06237920a3bd2aa13389f12d3474272988ae205f9\windows-amd64\native-platform-file-events.dll
Event: 2.412 Loaded shared library C:\Program Files\Java\jdk-21\bin\management.dll
Event: 2.415 Loaded shared library C:\Program Files\Java\jdk-21\bin\management_ext.dll
Event: 2.629 Loaded shared library C:\Program Files\Java\jdk-21\bin\extnet.dll
Event: 2.822 Loaded shared library C:\Program Files\Java\jdk-21\bin\sunmscapi.dll

Deoptimization events (20 events):
Event: 3.399 Thread 0x000002b3bd64b750 Uncommon trap: trap_request=0xffffffde fr.pc=0x000002b3f5a9c8e4 relative=0x0000000000000304
Event: 3.399 Thread 0x000002b3bd64b750 Uncommon trap: reason=class_check action=maybe_recompile pc=0x000002b3f5a9c8e4 method=java.util.regex.Pattern$BmpCharPropertyGreedy.match(Ljava/util/regex/Matcher;ILjava/lang/CharSequence;)Z @ 26 c2
Event: 3.399 Thread 0x000002b3bd64b750 DEOPT PACKING pc=0x000002b3f5a9c8e4 sp=0x000000c05bafc220
Event: 3.399 Thread 0x000002b3bd64b750 DEOPT UNPACKING pc=0x000002b3f54946a2 sp=0x000000c05bafc1d8 mode 2
Event: 3.399 Thread 0x000002b3bd64b750 Uncommon trap: trap_request=0xffffffde fr.pc=0x000002b3f5a9c8e4 relative=0x0000000000000304
Event: 3.399 Thread 0x000002b3bd64b750 Uncommon trap: reason=class_check action=maybe_recompile pc=0x000002b3f5a9c8e4 method=java.util.regex.Pattern$BmpCharPropertyGreedy.match(Ljava/util/regex/Matcher;ILjava/lang/CharSequence;)Z @ 26 c2
Event: 3.399 Thread 0x000002b3bd64b750 DEOPT PACKING pc=0x000002b3f5a9c8e4 sp=0x000000c05bafc190
Event: 3.399 Thread 0x000002b3bd64b750 DEOPT UNPACKING pc=0x000002b3f54946a2 sp=0x000000c05bafc148 mode 2
Event: 3.504 Thread 0x000002b3bd64b750 Uncommon trap: trap_request=0xffffff45 fr.pc=0x000002b3f5a06b0c relative=0x0000000000000c8c
Event: 3.504 Thread 0x000002b3bd64b750 Uncommon trap: reason=unstable_if action=reinterpret pc=0x000002b3f5a06b0c method=java.io.WinNTFileSystem.resolve(Ljava/lang/String;Ljava/lang/String;)Ljava/lang/String; @ 19 c2
Event: 3.504 Thread 0x000002b3bd64b750 DEOPT PACKING pc=0x000002b3f5a06b0c sp=0x000000c05bafb800
Event: 3.504 Thread 0x000002b3bd64b750 DEOPT UNPACKING pc=0x000002b3f54946a2 sp=0x000000c05bafb798 mode 2
Event: 3.506 Thread 0x000002b3bd64b750 Uncommon trap: trap_request=0xffffff45 fr.pc=0x000002b3f5a614f8 relative=0x0000000000000618
Event: 3.506 Thread 0x000002b3bd64b750 Uncommon trap: reason=unstable_if action=reinterpret pc=0x000002b3f5a614f8 method=java.io.File.getName()Ljava/lang/String; @ 16 c2
Event: 3.507 Thread 0x000002b3bd64b750 DEOPT PACKING pc=0x000002b3f5a614f8 sp=0x000000c05bafb7b0
Event: 3.507 Thread 0x000002b3bd64b750 DEOPT UNPACKING pc=0x000002b3f54946a2 sp=0x000000c05bafb780 mode 2
Event: 3.623 Thread 0x000002b3bd64b750 Uncommon trap: trap_request=0xffffff45 fr.pc=0x000002b3f5a91ae8 relative=0x00000000000007a8
Event: 3.623 Thread 0x000002b3bd64b750 Uncommon trap: reason=unstable_if action=reinterpret pc=0x000002b3f5a91ae8 method=java.util.ArrayList.grow(I)[Ljava/lang/Object; @ 17 c2
Event: 3.623 Thread 0x000002b3bd64b750 DEOPT PACKING pc=0x000002b3f5a91ae8 sp=0x000000c05bafd210
Event: 3.623 Thread 0x000002b3bd64b750 DEOPT UNPACKING pc=0x000002b3f54946a2 sp=0x000000c05bafd0a8 mode 2

Classes loaded (20 events):
Event: 3.690 Loading class java/lang/invoke/BoundMethodHandle$Species_LLLLLLLLLLLLLLLLLLLLLL
Event: 3.690 Loading class java/lang/invoke/BoundMethodHandle$Species_LLLLLLLLLLLLLLLLLLLLLL done
Event: 3.695 Loading class java/lang/invoke/BoundMethodHandle$Species_LLLLLLLLLLLLLLLLLLLLLLL
Event: 3.695 Loading class java/lang/invoke/BoundMethodHandle$Species_LLLLLLLLLLLLLLLLLLLLLLL done
Event: 3.802 Loading class java/util/function/LongFunction
Event: 3.802 Loading class java/util/function/LongFunction done
Event: 3.854 Loading class java/security/InvalidKeyException
Event: 3.854 Loading class java/security/KeyException
Event: 3.854 Loading class java/security/KeyException done
Event: 3.854 Loading class java/security/InvalidKeyException done
Event: 4.033 Loading class java/io/ObjectInputStream
Event: 4.033 Loading class java/io/ObjectInput
Event: 4.033 Loading class java/io/ObjectInput done
Event: 4.033 Loading class java/io/ObjectStreamConstants
Event: 4.034 Loading class java/io/ObjectStreamConstants done
Event: 4.034 Loading class java/io/ObjectInputStream done
Event: 4.036 Loading class java/io/ObjectOutputStream
Event: 4.036 Loading class java/io/ObjectOutput
Event: 4.036 Loading class java/io/ObjectOutput done
Event: 4.037 Loading class java/io/ObjectOutputStream done

Classes unloaded (0 events):
No events

Classes redefined (0 events):
No events

Internal exceptions (20 events):
Event: 3.548 Thread 0x000002b3bd64b750 Exception <a 'java/lang/NoSuchMethodError'{0x000000008b459f00}: 'java.lang.Object java.lang.invoke.DirectMethodHandle$Holder.invokeInterface(java.lang.Object, java.lang.Object, java.lang.Object)'> (0x000000008b459f00) 
thrown [s\open\src\hotspot\share\interpreter\linkResolver.cpp, line 773]
Event: 3.548 Thread 0x000002b3bd64b750 Exception <a 'java/lang/IncompatibleClassChangeError'{0x000000008b45d848}: Found class java.lang.Object, but interface was expected> (0x000000008b45d848) 
thrown [s\open\src\hotspot\share\interpreter\linkResolver.cpp, line 840]
Event: 3.592 Thread 0x000002b3bd64b750 Exception <a 'java/lang/NoSuchMethodError'{0x000000008b23d120}: 'int java.lang.invoke.DirectMethodHandle$Holder.invokeStatic(java.lang.Object, java.lang.Object, java.lang.Object, java.lang.Object)'> (0x000000008b23d120) 
thrown [s\open\src\hotspot\share\interpreter\linkResolver.cpp, line 773]
Event: 3.646 Thread 0x000002b3bd64b750 Exception <a 'java/lang/NoSuchMethodError'{0x000000008b0081f8}: 'java.lang.Object java.lang.invoke.DelegatingMethodHandle$Holder.reinvoke_L(java.lang.Object, java.lang.Object, java.lang.Object, java.lang.Object, java.lang.Object, java.lang.Object, java.lang.Object, java.lang.Object, java.lang.Object, java.lang.Object, java.lang.Object, java.lang.Object, java.lang.Object, java.lang.Object, java.lang.Object, java.lang.Object, java.lang.Object, java.lang.Object, java.lang.Object, java.lang.Object, java.lang.O
Event: 3.653 Thread 0x000002b3bd64b750 Exception <a 'java/lang/NoSuchMethodError'{0x000000008b061478}: 'java.lang.Object java.lang.invoke.DirectMethodHandle$Holder.invokeStatic(java.lang.Object, java.lang.Object, java.lang.Object, java.lang.Object, java.lang.Object, java.lang.Object, java.lang.Object, java.lang.Object, java.lang.Object, java.lang.Object, java.lang.Object, java.lang.Object, java.lang.Object, java.lang.Object, java.lang.Object)'> (0x000000008b061478) 
thrown [s\open\src\hotspot\share\interpreter\linkResolver.cpp, line 773]
Event: 3.656 Thread 0x000002b3bd64b750 Exception <a 'java/lang/NoSuchMethodError'{0x000000008b085a48}: 'java.lang.Object java.lang.invoke.DirectMethodHandle$Holder.invokeStatic(java.lang.Object, java.lang.Object, java.lang.Object, java.lang.Object, java.lang.Object, java.lang.Object, java.lang.Object, java.lang.Object, java.lang.Object, java.lang.Object, java.lang.Object, java.lang.Object, java.lang.Object, java.lang.Object, java.lang.Object, java.lang.Object)'> (0x000000008b085a48) 
thrown [s\open\src\hotspot\share\interpreter\linkResolver.cpp
Event: 3.659 Thread 0x000002b3bd64b750 Exception <a 'java/lang/NoSuchMethodError'{0x000000008b0acf48}: 'java.lang.Object java.lang.invoke.DirectMethodHandle$Holder.invokeStatic(java.lang.Object, java.lang.Object, java.lang.Object, java.lang.Object, java.lang.Object, java.lang.Object, java.lang.Object, java.lang.Object, java.lang.Object, java.lang.Object, java.lang.Object, java.lang.Object, java.lang.Object, java.lang.Object, java.lang.Object, java.lang.Object, java.lang.Object)'> (0x000000008b0acf48) 
thrown [s\open\src\hotspot\share\interprete
Event: 3.662 Thread 0x000002b3bd64b750 Exception <a 'java/lang/NoSuchMethodError'{0x000000008b0d5728}: 'java.lang.Object java.lang.invoke.DirectMethodHandle$Holder.invokeStatic(java.lang.Object, java.lang.Object, java.lang.Object, java.lang.Object, java.lang.Object, java.lang.Object, java.lang.Object, java.lang.Object, java.lang.Object, java.lang.Object, java.lang.Object, java.lang.Object, java.lang.Object, java.lang.Object, java.lang.Object, java.lang.Object, java.lang.Object, java.lang.Object)'> (0x000000008b0d5728) 
thrown [s\open\src\hotspo
Event: 3.666 Thread 0x000002b3bd64b750 Exception <a 'java/lang/NoSuchMethodError'{0x000000008b0ff1d8}: 'java.lang.Object java.lang.invoke.DirectMethodHandle$Holder.invokeStatic(java.lang.Object, java.lang.Object, java.lang.Object, java.lang.Object, java.lang.Object, java.lang.Object, java.lang.Object, java.lang.Object, java.lang.Object, java.lang.Object, java.lang.Object, java.lang.Object, java.lang.Object, java.lang.Object, java.lang.Object, java.lang.Object, java.lang.Object, java.lang.Object, java.lang.Object)'> (0x000000008b0ff1d8) 
thrown 
Event: 3.669 Thread 0x000002b3bd64b750 Exception <a 'java/lang/NoSuchMethodError'{0x000000008af2a5e0}: 'java.lang.Object java.lang.invoke.DirectMethodHandle$Holder.invokeStatic(java.lang.Object, java.lang.Object, java.lang.Object, java.lang.Object, java.lang.Object, java.lang.Object, java.lang.Object, java.lang.Object, java.lang.Object, java.lang.Object, java.lang.Object, java.lang.Object, java.lang.Object, java.lang.Object, java.lang.Object, java.lang.Object, java.lang.Object, java.lang.Object, java.lang.Object, java.lang.Object)'> (0x00000000
Event: 3.673 Thread 0x000002b3bd64b750 Exception <a 'java/lang/NoSuchMethodError'{0x000000008af566a0}: 'java.lang.Object java.lang.invoke.DirectMethodHandle$Holder.invokeStatic(java.lang.Object, java.lang.Object, java.lang.Object, java.lang.Object, java.lang.Object, java.lang.Object, java.lang.Object, java.lang.Object, java.lang.Object, java.lang.Object, java.lang.Object, java.lang.Object, java.lang.Object, java.lang.Object, java.lang.Object, java.lang.Object, java.lang.Object, java.lang.Object, java.lang.Object, java.lang.Object, java.lang.Obj
Event: 3.677 Thread 0x000002b3bd64b750 Exception <a 'java/lang/NoSuchMethodError'{0x000000008af848a8}: 'java.lang.Object java.lang.invoke.DirectMethodHandle$Holder.invokeStatic(java.lang.Object, java.lang.Object, java.lang.Object, java.lang.Object, java.lang.Object, java.lang.Object, java.lang.Object, java.lang.Object, java.lang.Object, java.lang.Object, java.lang.Object, java.lang.Object, java.lang.Object, java.lang.Object, java.lang.Object, java.lang.Object, java.lang.Object, java.lang.Object, java.lang.Object, java.lang.Object, java.lang.Obj
Event: 3.680 Thread 0x000002b3bd64b750 Exception <a 'java/lang/NoSuchMethodError'{0x000000008afb24e8}: 'java.lang.Object java.lang.invoke.DirectMethodHandle$Holder.invokeStatic(java.lang.Object, java.lang.Object, java.lang.Object, java.lang.Object, java.lang.Object, java.lang.Object, java.lang.Object, java.lang.Object, java.lang.Object, java.lang.Object, java.lang.Object, java.lang.Object, java.lang.Object, java.lang.Object, java.lang.Object, java.lang.Object, java.lang.Object, java.lang.Object, java.lang.Object, java.lang.Object, java.lang.Obj
Event: 3.688 Thread 0x000002b3bd64b750 Exception <a 'java/lang/NoSuchMethodError'{0x000000008afe1100}: 'java.lang.Object java.lang.invoke.DirectMethodHandle$Holder.invokeStatic(java.lang.Object, java.lang.Object, java.lang.Object, java.lang.Object, java.lang.Object, java.lang.Object, java.lang.Object, java.lang.Object, java.lang.Object, java.lang.Object, java.lang.Object, java.lang.Object, java.lang.Object, java.lang.Object, java.lang.Object, java.lang.Object, java.lang.Object, java.lang.Object, java.lang.Object, java.lang.Object, java.lang.Obj
Event: 3.692 Thread 0x000002b3bd64b750 Exception <a 'java/lang/NoSuchMethodError'{0x000000008ae11260}: 'java.lang.Object java.lang.invoke.DirectMethodHandle$Holder.invokeStatic(java.lang.Object, java.lang.Object, java.lang.Object, java.lang.Object, java.lang.Object, java.lang.Object, java.lang.Object, java.lang.Object, java.lang.Object, java.lang.Object, java.lang.Object, java.lang.Object, java.lang.Object, java.lang.Object, java.lang.Object, java.lang.Object, java.lang.Object, java.lang.Object, java.lang.Object, java.lang.Object, java.lang.Obj
Event: 3.696 Thread 0x000002b3bd64b750 Exception <a 'java/lang/NoSuchMethodError'{0x000000008ae42280}: 'java.lang.Object java.lang.invoke.DirectMethodHandle$Holder.invokeStatic(java.lang.Object, java.lang.Object, java.lang.Object, java.lang.Object, java.lang.Object, java.lang.Object, java.lang.Object, java.lang.Object, java.lang.Object, java.lang.Object, java.lang.Object, java.lang.Object, java.lang.Object, java.lang.Object, java.lang.Object, java.lang.Object, java.lang.Object, java.lang.Object, java.lang.Object, java.lang.Object, java.lang.Obj
Event: 3.982 Thread 0x000002b3bd64b750 Exception <a 'java/lang/IncompatibleClassChangeError'{0x000000008a62adb8}: Found class java.lang.Object, but interface was expected> (0x000000008a62adb8) 
thrown [s\open\src\hotspot\share\interpreter\linkResolver.cpp, line 840]
Event: 3.998 Thread 0x000002b3bd64b750 Exception <a 'java/lang/NoSuchMethodError'{0x000000008a65d4d0}: 'java.lang.Object java.lang.invoke.DirectMethodHandle$Holder.newInvokeSpecial(java.lang.Object, java.lang.Object, java.lang.Object, java.lang.Object, java.lang.Object, java.lang.Object, java.lang.Object, java.lang.Object, java.lang.Object, java.lang.Object, java.lang.Object, java.lang.Object, java.lang.Object, java.lang.Object)'> (0x000000008a65d4d0) 
thrown [s\open\src\hotspot\share\interpreter\linkResolver.cpp, line 773]
Event: 3.999 Thread 0x000002b3bd64b750 Exception <a 'java/lang/NoSuchMethodError'{0x000000008a662b80}: 'java.lang.Object java.lang.invoke.DirectMethodHandle$Holder.invokeSpecial(java.lang.Object, java.lang.Object, java.lang.Object, java.lang.Object, java.lang.Object, java.lang.Object, java.lang.Object, java.lang.Object, java.lang.Object, java.lang.Object, java.lang.Object, java.lang.Object, java.lang.Object, java.lang.Object, java.lang.Object)'> (0x000000008a662b80) 
thrown [s\open\src\hotspot\share\interpreter\linkResolver.cpp, line 773]
Event: 3.999 Thread 0x000002b3bd64b750 Exception <a 'java/lang/NoSuchMethodError'{0x000000008a6674c0}: 'java.lang.Object java.lang.invoke.DelegatingMethodHandle$Holder.reinvoke_L(java.lang.Object, java.lang.Object, java.lang.Object, java.lang.Object, java.lang.Object, java.lang.Object, java.lang.Object, java.lang.Object, java.lang.Object, java.lang.Object, java.lang.Object, java.lang.Object, java.lang.Object, java.lang.Object)'> (0x000000008a6674c0) 
thrown [s\open\src\hotspot\share\interpreter\linkResolver.cpp, line 773]

ZGC Phase Switch (0 events):
No events

VM Operations (20 events):
Event: 2.557 Executing VM operation: HandshakeAllThreads (Deoptimize)
Event: 2.557 Executing VM operation: HandshakeAllThreads (Deoptimize) done
Event: 2.611 Executing VM operation: HandshakeAllThreads (Deoptimize)
Event: 2.611 Executing VM operation: HandshakeAllThreads (Deoptimize) done
Event: 2.666 Executing VM operation: ICBufferFull
Event: 2.666 Executing VM operation: ICBufferFull done
Event: 2.709 Executing VM operation: HandshakeAllThreads (Deoptimize)
Event: 2.709 Executing VM operation: HandshakeAllThreads (Deoptimize) done
Event: 2.795 Executing VM operation: HandshakeAllThreads (Deoptimize)
Event: 2.795 Executing VM operation: HandshakeAllThreads (Deoptimize) done
Event: 3.248 Executing VM operation: HandshakeAllThreads (Deoptimize)
Event: 3.248 Executing VM operation: HandshakeAllThreads (Deoptimize) done
Event: 3.395 Executing VM operation: ICBufferFull
Event: 3.395 Executing VM operation: ICBufferFull done
Event: 3.419 Executing VM operation: HandshakeAllThreads (Deoptimize)
Event: 3.419 Executing VM operation: HandshakeAllThreads (Deoptimize) done
Event: 3.707 Executing VM operation: HandshakeAllThreads (Deoptimize)
Event: 3.707 Executing VM operation: HandshakeAllThreads (Deoptimize) done
Event: 3.708 Executing VM operation: HandshakeAllThreads (Deoptimize)
Event: 3.708 Executing VM operation: HandshakeAllThreads (Deoptimize) done

Events (20 events):
Event: 0.161 Thread 0x000002b3827db670 Thread added: 0x000002b3827db670
Event: 0.587 Thread 0x000002b382872340 Thread added: 0x000002b382872340
Event: 1.592 Thread 0x000002b382872340 Thread exited: 0x000002b382872340
Event: 2.098 Thread 0x000002b3bcf33410 Thread added: 0x000002b3bcf33410
Event: 2.455 Thread 0x000002b3bd337540 Thread added: 0x000002b3bd337540
Event: 2.675 Thread 0x000002b3bd921300 Thread added: 0x000002b3bd921300
Event: 2.768 Thread 0x000002b3bd81bdc0 Thread added: 0x000002b3bd81bdc0
Event: 2.863 Thread 0x000002b3bd764050 Thread added: 0x000002b3bd764050
Event: 2.870 Thread 0x000002b3bce0ed50 Thread added: 0x000002b3bce0ed50
Event: 2.925 Thread 0x000002b3bd770700 Thread added: 0x000002b3bd770700
Event: 2.933 Thread 0x000002b3bcf33410 Thread exited: 0x000002b3bcf33410
Event: 2.936 Thread 0x000002b3bd64b750 Thread added: 0x000002b3bd64b750
Event: 2.951 Thread 0x000002b3bd561f30 Thread added: 0x000002b3bd561f30
Event: 2.958 Thread 0x000002b3bd5625c0 Thread added: 0x000002b3bd5625c0
Event: 2.962 Thread 0x000002b3bd562c50 Thread added: 0x000002b3bd562c50
Event: 3.419 Thread 0x000002b3bd564d20 Thread added: 0x000002b3bd564d20
Event: 3.430 Thread 0x000002b3bd5632e0 Thread added: 0x000002b3bd5632e0
Event: 3.464 Thread 0x000002b3bd563970 Thread added: 0x000002b3bd563970
Event: 3.652 Thread 0x000002b3bdb05200 Thread added: 0x000002b3bdb05200
Event: 3.675 Thread 0x000002b3bdaac510 Thread added: 0x000002b3bdaac510


Dynamic libraries:
0x00007ff689fe0000 - 0x00007ff689ff0000 	C:\Program Files\Java\jdk-21\bin\java.exe
0x00007ffe1de90000 - 0x00007ffe1e088000 	C:\Windows\SYSTEM32\ntdll.dll
0x00007ffe1c580000 - 0x00007ffe1c641000 	C:\Windows\System32\KERNEL32.DLL
0x00007ffe1b540000 - 0x00007ffe1b83d000 	C:\Windows\System32\KERNELBASE.dll
0x00007ffe1b870000 - 0x00007ffe1b970000 	C:\Windows\System32\ucrtbase.dll
0x00007ffe18610000 - 0x00007ffe18629000 	C:\Program Files\Java\jdk-21\bin\jli.dll
0x00007ffe1c430000 - 0x00007ffe1c4e0000 	C:\Windows\System32\ADVAPI32.dll
0x00007ffe1c4e0000 - 0x00007ffe1c57e000 	C:\Windows\System32\msvcrt.dll
0x00007ffe1c390000 - 0x00007ffe1c430000 	C:\Windows\System32\sechost.dll
0x00007ffe1c7f0000 - 0x00007ffe1c913000 	C:\Windows\System32\RPCRT4.dll
0x00007ffe14450000 - 0x00007ffe1446b000 	C:\Program Files\Java\jdk-21\bin\VCRUNTIME140.dll
0x00007ffe1bbb0000 - 0x00007ffe1bbd7000 	C:\Windows\System32\bcrypt.dll
0x00007ffe1c650000 - 0x00007ffe1c7ed000 	C:\Windows\System32\USER32.dll
0x00007ffe1b840000 - 0x00007ffe1b862000 	C:\Windows\System32\win32u.dll
0x00007ffe06bd0000 - 0x00007ffe06e6a000 	C:\Windows\WinSxS\amd64_microsoft.windows.common-controls_6595b64144ccf1df_6.0.19041.4355_none_60b8b9eb71f62e16\COMCTL32.dll
0x00007ffe1cb90000 - 0x00007ffe1cbbb000 	C:\Windows\System32\GDI32.dll
0x00007ffe1bda0000 - 0x00007ffe1beb7000 	C:\Windows\System32\gdi32full.dll
0x00007ffe1bbe0000 - 0x00007ffe1bc7d000 	C:\Windows\System32\msvcp_win.dll
0x00007ffe13300000 - 0x00007ffe1330a000 	C:\Windows\SYSTEM32\VERSION.dll
0x00007ffe1cfe0000 - 0x00007ffe1d00f000 	C:\Windows\System32\IMM32.DLL
0x00007ffe18600000 - 0x00007ffe1860c000 	C:\Program Files\Java\jdk-21\bin\vcruntime140_1.dll
0x00007ffe04800000 - 0x00007ffe0488e000 	C:\Program Files\Java\jdk-21\bin\msvcp140.dll
0x00007ffd88920000 - 0x00007ffd89633000 	C:\Program Files\Java\jdk-21\bin\server\jvm.dll
0x00007ffe1da20000 - 0x00007ffe1da8b000 	C:\Windows\System32\WS2_32.dll
0x00007ffe1b270000 - 0x00007ffe1b2bb000 	C:\Windows\SYSTEM32\POWRPROF.dll
0x00007ffe12840000 - 0x00007ffe12867000 	C:\Windows\SYSTEM32\WINMM.dll
0x00007ffe1b250000 - 0x00007ffe1b262000 	C:\Windows\SYSTEM32\UMPDC.dll
0x00007ffe193a0000 - 0x00007ffe193b2000 	C:\Windows\SYSTEM32\kernel.appcore.dll
0x00007ffe132f0000 - 0x00007ffe132fa000 	C:\Program Files\Java\jdk-21\bin\jimage.dll
0x00007ffe15290000 - 0x00007ffe15474000 	C:\Windows\SYSTEM32\DBGHELP.DLL
0x00007ffe01a10000 - 0x00007ffe01a44000 	C:\Windows\SYSTEM32\dbgcore.DLL
0x00007ffe1b970000 - 0x00007ffe1b9f2000 	C:\Windows\System32\bcryptPrimitives.dll
0x00007ffe04b00000 - 0x00007ffe04b0f000 	C:\Program Files\Java\jdk-21\bin\instrument.dll
0x00007ffe132d0000 - 0x00007ffe132ef000 	C:\Program Files\Java\jdk-21\bin\java.dll
0x00007ffe1d2b0000 - 0x00007ffe1da1f000 	C:\Windows\System32\SHELL32.dll
0x00007ffe195a0000 - 0x00007ffe19d3f000 	C:\Windows\SYSTEM32\windows.storage.dll
0x00007ffe1cbc0000 - 0x00007ffe1cf13000 	C:\Windows\System32\combase.dll
0x00007ffe1adb0000 - 0x00007ffe1adde000 	C:\Windows\SYSTEM32\Wldp.dll
0x00007ffe1d130000 - 0x00007ffe1d1fd000 	C:\Windows\System32\OLEAUT32.dll
0x00007ffe1d200000 - 0x00007ffe1d2ad000 	C:\Windows\System32\SHCORE.dll
0x00007ffe1cad0000 - 0x00007ffe1cb25000 	C:\Windows\System32\shlwapi.dll
0x00007ffe1b470000 - 0x00007ffe1b494000 	C:\Windows\SYSTEM32\profapi.dll
0x00007ffe04700000 - 0x00007ffe047d7000 	C:\Program Files\Java\jdk-21\bin\jsvml.dll
0x00007ffe0da80000 - 0x00007ffe0da98000 	C:\Program Files\Java\jdk-21\bin\zip.dll
0x00007ffe0dad0000 - 0x00007ffe0dae0000 	C:\Program Files\Java\jdk-21\bin\net.dll
0x00007ffe15180000 - 0x00007ffe1528d000 	C:\Windows\SYSTEM32\WINHTTP.dll
0x00007ffe1ab90000 - 0x00007ffe1abfa000 	C:\Windows\system32\mswsock.dll
0x00007ffe0dab0000 - 0x00007ffe0dac6000 	C:\Program Files\Java\jdk-21\bin\nio.dll
0x00007ffe0d810000 - 0x00007ffe0d820000 	C:\Program Files\Java\jdk-21\bin\verify.dll
0x00007ffe04b30000 - 0x00007ffe04b57000 	C:\Users\mxd46\.gradle\native\c067742578af261105cb4f569cf0c3c89f3d7b1fecec35dd04571415982c5e48\windows-amd64\native-platform.dll
0x00007ffde72a0000 - 0x00007ffde73e4000 	C:\Users\mxd46\.gradle\native\100fb08df4bc3b14c8652ba06237920a3bd2aa13389f12d3474272988ae205f9\windows-amd64\native-platform-file-events.dll
0x00007ffe0d7f0000 - 0x00007ffe0d7fa000 	C:\Program Files\Java\jdk-21\bin\management.dll
0x00007ffe04b20000 - 0x00007ffe04b2b000 	C:\Program Files\Java\jdk-21\bin\management_ext.dll
0x00007ffe1de10000 - 0x00007ffe1de18000 	C:\Windows\System32\PSAPI.DLL
0x00007ffe1adf0000 - 0x00007ffe1ae08000 	C:\Windows\SYSTEM32\CRYPTSP.dll
0x00007ffe1a4d0000 - 0x00007ffe1a504000 	C:\Windows\system32\rsaenh.dll
0x00007ffe1b420000 - 0x00007ffe1b44e000 	C:\Windows\SYSTEM32\USERENV.dll
0x00007ffe1ad20000 - 0x00007ffe1ad2c000 	C:\Windows\SYSTEM32\CRYPTBASE.dll
0x00007ffe1a890000 - 0x00007ffe1a8cb000 	C:\Windows\SYSTEM32\IPHLPAPI.DLL
0x00007ffe1cf20000 - 0x00007ffe1cf28000 	C:\Windows\System32\NSI.dll
0x00007ffe04b10000 - 0x00007ffe04b19000 	C:\Program Files\Java\jdk-21\bin\extnet.dll
0x00007ffe04ae0000 - 0x00007ffe04aee000 	C:\Program Files\Java\jdk-21\bin\sunmscapi.dll
0x00007ffe1ba00000 - 0x00007ffe1bb5e000 	C:\Windows\System32\CRYPT32.dll
0x00007ffe1af60000 - 0x00007ffe1af89000 	C:\Windows\SYSTEM32\ncrypt.dll
0x00007ffe1af20000 - 0x00007ffe1af5b000 	C:\Windows\SYSTEM32\NTASN1.dll
0x00007ffe00d80000 - 0x00007ffe00d87000 	C:\Windows\system32\wshunix.dll

dbghelp: loaded successfully - version: 4.0.5 - missing functions: none
symbol engine: initialized successfully - sym options: 0x614 - pdb path: .;C:\Program Files\Java\jdk-21\bin;C:\Windows\SYSTEM32;C:\Windows\WinSxS\amd64_microsoft.windows.common-controls_6595b64144ccf1df_6.0.19041.4355_none_60b8b9eb71f62e16;C:\Program Files\Java\jdk-21\bin\server;C:\Users\mxd46\.gradle\native\c067742578af261105cb4f569cf0c3c89f3d7b1fecec35dd04571415982c5e48\windows-amd64;C:\Users\mxd46\.gradle\native\100fb08df4bc3b14c8652ba06237920a3bd2aa13389f12d3474272988ae205f9\windows-amd64

VM Arguments:
jvm_args: -XX:MaxMetaspaceSize=1024m --add-opens=java.base/java.util=ALL-UNNAMED --add-opens=java.base/java.lang=ALL-UNNAMED --add-opens=java.base/java.lang.invoke=ALL-UNNAMED --add-opens=java.prefs/java.util.prefs=ALL-UNNAMED --add-opens=java.base/java.nio.charset=ALL-UNNAMED --add-opens=java.base/java.net=ALL-UNNAMED --add-opens=java.base/java.util.concurrent.atomic=ALL-UNNAMED -Xmx2048m -Dfile.encoding=UTF-8 -Duser.country=BR -Duser.language=pt -Duser.variant -javaagent:C:\Users\mxd46\.gradle\wrapper\dists\gradle-8.8-all\6gdy1pgp427xkqcjbxw3ylt6h\gradle-8.8\lib\agents\gradle-instrumentation-agent-8.8.jar 
java_command: org.gradle.launcher.daemon.bootstrap.GradleDaemon 8.8
java_class_path (initial): C:\Users\mxd46\.gradle\wrapper\dists\gradle-8.8-all\6gdy1pgp427xkqcjbxw3ylt6h\gradle-8.8\lib\gradle-launcher-8.8.jar
Launcher Type: SUN_STANDARD

[Global flags]
     intx CICompilerCount                          = 4                                         {product} {ergonomic}
   size_t CompressedClassSpaceSize                 = 872415232                                 {product} {ergonomic}
     uint ConcGCThreads                            = 2                                         {product} {ergonomic}
     uint G1ConcRefinementThreads                  = 8                                         {product} {ergonomic}
   size_t G1HeapRegionSize                         = 1048576                                   {product} {ergonomic}
    uintx GCDrainStackTargetSize                   = 64                                        {product} {ergonomic}
   size_t InitialHeapSize                          = 268435456                                 {product} {ergonomic}
   size_t MarkStackSize                            = 4194304                                   {product} {ergonomic}
   size_t MaxHeapSize                              = 2147483648                                {product} {command line}
   size_t MaxMetaspaceSize                         = 1073741824                                {product} {command line}
   size_t MaxNewSize                               = 1287651328                                {product} {ergonomic}
   size_t MinHeapDeltaBytes                        = 1048576                                   {product} {ergonomic}
   size_t MinHeapSize                              = 8388608                                   {product} {ergonomic}
    uintx NonNMethodCodeHeapSize                   = 5839372                                {pd product} {ergonomic}
    uintx NonProfiledCodeHeapSize                  = 122909434                              {pd product} {ergonomic}
    uintx ProfiledCodeHeapSize                     = 122909434                              {pd product} {ergonomic}
    uintx ReservedCodeCacheSize                    = 251658240                              {pd product} {ergonomic}
     bool SegmentedCodeCache                       = true                                      {product} {ergonomic}
   size_t SoftMaxHeapSize                          = 2147483648                             {manageable} {ergonomic}
     bool UseCompressedOops                        = true                           {product lp64_product} {ergonomic}
     bool UseG1GC                                  = true                                      {product} {ergonomic}
     bool UseLargePagesIndividualAllocation        = false                                  {pd product} {ergonomic}

Logging:
Log output configuration:
 #0: stdout all=warning uptime,level,tags foldmultilines=false
 #1: stderr all=off uptime,level,tags foldmultilines=false

Environment Variables:
CLASSPATH=c:\xampp\htdocs\native\TestingApp\android\\gradle\wrapper\gradle-wrapper.jar
PATH=C:\Program Files\Common Files\Oracle\Java\javapath;C:\Program Files (x86)\Common Files\Intel\Shared Libraries\redist\intel64\compiler;C:\Program Files (x86)\NVIDIA Corporation\PhysX\Common;C:\Windows\system32;C:\Windows;C:\Windows\System32\Wbem;C:\Windows\System32\WindowsPowerShell\v1.0\;C:\Windows\System32\OpenSSH\;C:\ProgramData\chocolatey\bin;C:\Program Files\IDM Computer Solutions\UltraEdit;C:\Users\mxd46\AppData\Local\Programs\Python\Python312\Scripts;C:\Program Files\Git\cmd;C:\xampp\php;C:\composer;C:\Program Files\Docker\Docker\resources\bin;C:\Program Files\PostgreSQL\16\bin;C:\Program Files\nodejs\;C:\Users\mxd46\AppData\Local\Android\Sdk\platform-tools;C:\Users\mxd46\AppData\Local\Android\Sdk\emulator;C:\Users\mxd46\AppData\Local\Android\Sdk\tools;C:\Users\mxd46\AppData\Local\Android\Sdk\tools\bin;C:\Users\mxd46\AppData\Local\Microsoft\WindowsApps;C:\Users\mxd46\AppData\Local\Programs\Microsoft VS Code\bin;C:\ProgramData\mxd46\GitHubDesktop\bin;C:\Users\mxd46\AppData\Local\GitHubDesktop\bin;C:\Users\mxd46\AppData\Roaming\Composer\vendor\bin;C:\Users\mxd46\AppData\Roaming\npm
USERNAME=mxd46
OS=Windows_NT
PROCESSOR_IDENTIFIER=Intel64 Family 6 Model 42 Stepping 7, GenuineIntel
TMP=C:\Users\mxd46\AppData\Local\Temp
TEMP=C:\Users\mxd46\AppData\Local\Temp




Periodic native trim disabled

---------------  S Y S T E M  ---------------

OS:
 Windows 10 , 64 bit Build 19041 (10.0.19041.4717)
OS uptime: 4 days 13:03 hours
Hyper-V role detected

CPU: total 8 (initial active 8) (4 cores per cpu, 2 threads per core) family 6 model 42 stepping 7 microcode 0x2f, cx8, cmov, fxsr, ht, mmx, sse, sse2, sse3, ssse3, sse4.1, sse4.2, popcnt, tsc, tscinvbit, avx, aes, clmul, vzeroupper, clflush, hv, rdtscp
Processor Information for all 8 processors :
  Max Mhz: 3401, Current Mhz: 3401, Mhz Limit: 3401

Memory: 4k page, system-wide physical 16366M (3663M free)
TotalPageFile size 18414M (AvailPageFile size 14M)
current process WorkingSet (physical memory assigned to process): 231M, peak: 233M
current process commit charge ("private bytes"): 437M, peak: 439M

vm_info: Java HotSpot(TM) 64-Bit Server VM (21.0.4+8-LTS-274) for windows-amd64 JRE (21.0.4+8-LTS-274), built on 2024-06-05T05:23:33Z by "mach5one" with MS VC++ 17.6 (VS2022)

END.
